[2022-1-28 22:50:1][i]LWAR alpha v.202201281751
[2022-1-28 22:50:2][i](C) 2022 非科学の河童, All Rights Reserved
[2022-1-28 22:50:3][i]遵循GPLv2许可证分发
[2022-1-28 22:50:4]<!>
        ####################
        # 此程序不含担保！ #
        ####################
[2022-1-28 22:51:48](x)非法的配置文件！
[2022-1-28 22:51:49]<!>已重置config.lwar.yml
[2022-1-28 22:54:33](x)非法的配置文件！
[2022-1-28 22:55:42][i]LWAR alpha v.202201281751
[2022-1-28 22:55:43][i](C) 2022 非科学の河童, All Rights Reserved
[2022-1-28 22:55:44][i]遵循GPLv2许可证分发
[2022-1-28 22:55:45]<!>
        ####################
        # 此程序不含担保！ #
        ####################
[2022-1-28 22:55:46][i]完成LeanCloud初始化
[2022-1-28 23:0:50][i]LWAR alpha v.202201281751
[2022-1-28 23:0:51][i](C) 2022 非科学の河童, All Rights Reserved
[2022-1-28 23:0:52][i]遵循GPLv2许可证分发
[2022-1-28 23:0:53]<!>
        ####################
        # 此程序不含担保！ #
        ####################
[2022-1-28 23:0:54][i]完成LeanCloud初始化
[2022-1-28 23:0:59][i]整理已评论邮箱：开始
[2022-1-28 23:1:0][i]objectId:	5f49b5665c188a00084174c7;mail:	vensing@foxmail.com	.加入白名单
[2022-1-28 23:1:1][i]objectId:	5f4c73025c188a00084257c5;mail:	me@chanshiyu.com	.加入白名单
[2022-1-28 23:1:2][i]objectId:	5f4d1820ddf36600062da3bb;mail:	polarws@qq.com	.加入白名单
[2022-1-28 23:1:4][i]objectId:	5f4fce24b369be6830173f76;mail:	kawashiroryofu@gmail.com	.加入白名单
[2022-1-28 23:1:5]<!>objectId:	5f4fce90b369be6830173f90;mail:	kawashiroryofu@gmail.com	.未知
[2022-1-28 23:1:6]<!>objectId:	5f4fcf1c90a36d23ae79d120;mail:	kawashiroryofu@gmail.com	.未知
[2022-1-28 23:1:7][i]objectId:	5f547bf49d82053001f73b85;mail:	blackguwc@163.com	.加入白名单
[2022-1-28 23:1:8]<!>objectId:	5f54885f9d82053001f73e2c;mail:	kawashiroryofu@gmail.com	.未知
[2022-1-28 23:1:9]<!>objectId:	5f599c55ce20127355227409;mail:	me@chanshiyu.com	.未知
[2022-1-28 23:1:10][i]objectId:	5f59d666bbc96c658cc6eed7;mail:	xiaobaomy123@qq.com	.加入白名单
[2022-1-28 23:1:11]<!>objectId:	5f5a018ece2012735522c310;mail:	kawashiroryofu@gmail.com	.未知
[2022-1-28 23:1:12]<!>objectId:	5f5a01b7bbc96c658cc70e62;mail:	kawashiroryofu@gmail.com	.未知
[2022-1-28 23:1:13][i]objectId:	5f5c5c43bbc96c658cc7e711;mail:	stkoala233@gmail.com	.加入白名单
[2022-1-28 23:1:14]<!>objectId:	5f5cc6ecbbc96c658cc8195a;mail:	kawashiroryofu@gmail.com	.未知
[2022-1-28 23:1:15]<!>objectId:	5f5cd76bce2012735523dace;mail:	vensing@foxmail.com	.未知
[2022-1-28 23:1:16]<!>objectId:	5f5cd7f8ce2012735523db0c;mail:	kawashiroryofu@gmail.com	.未知
[2022-1-28 23:1:17][i]objectId:	5f65d42b17d94f6ebb3fed86;mail:	gm@xiaolfeng.cn	.加入白名单
[2022-1-28 23:1:18]<!>objectId:	5f65d6174b7efa1f4b23d633;mail:	gm@xiaolfeng.cn	.未知
[2022-1-28 23:1:19]<!>objectId:	5f65d99617d94f6ebb3fee19;mail:	kawashiroryofu@gmail.com	.未知
[2022-1-28 23:1:20]<!>objectId:	5f65da584b7efa1f4b23d6a4;mail:	kawashiroryofu@gmail.com	.未知
[2022-1-28 23:1:21]<!>objectId:	5f65f67d4b7efa1f4b23db9e;mail:	gm@xiaolfeng.cn	.未知
[2022-1-28 23:1:22]<!>objectId:	5f65f6ad17d94f6ebb3ff4b1;mail:	gm@xiaolfeng.cn	.未知
[2022-1-28 23:1:23]<!>objectId:	5f6e02948df73f05fdd0cf66;mail:	stkoala233@gmail.com	.未知
[2022-1-28 23:1:24][i]objectId:	5f78477095e50238f1244919;mail:	xty@2broear.com	.加入白名单
[2022-1-28 23:1:25]<!>objectId:	5f7848198df73f05fdd3b419;mail:	xty@2broear.com	.未知
[2022-1-28 23:1:26]<!>objectId:	5f7848838df73f05fdd3b437;mail:	kawashiroryofu@gmail.com	.未知
[2022-1-28 23:1:27]<!>objectId:	5f784bc095e50238f12449cd;mail:	xty@2broear.com	.未知
[2022-1-28 23:1:28]<!>objectId:	5f785cac8df73f05fdd3b697;mail:	kawashiroryofu@gmail.com	.未知
[2022-1-28 23:1:29]<!>objectId:	5f7f4d2c95e50238f12620c4;mail:	kawashiroryofu@gmail.com	.未知
[2022-1-28 23:1:30][i]objectId:	5f8493f48df73f05fdd8af05;mail:	me@yunyoujun.cn	.加入白名单
[2022-1-28 23:1:31]<!>objectId:	5f871d39f27d9e7d6ebea10a;mail:	kawashiroryofu@gmail.com	.未知
[2022-1-28 23:1:32]<!>objectId:	5f8a7d904ece664b8d3e5e47;mail:	gm@xiaolfeng.cn	.未知
[2022-1-28 23:1:33]<!>objectId:	5f8ac9984ece664b8d3e903b;mail:	kawashiroryofu@gmail.com	.未知
[2022-1-28 23:1:34][i]objectId:	5f946188d47c5a4bea90594d;mail:	stardust@fspark.me	.加入白名单
[2022-1-28 23:1:35]<!>objectId:	5f95a532d47c5a4bea90ac32;mail:	kawashiroryofu@gmail.com	.未知
[2022-1-28 23:1:36][i]objectId:	5f9fb94f9d984e4a5fd0d5e7;mail:	i@flandrescarlet.cn	.加入白名单
[2022-1-28 23:1:37]<!>objectId:	5fa0066cc169db23b4caf5c4;mail:	kawashiroryofu@gmail.com	.未知
[2022-1-28 23:1:38]<!>objectId:	5fa67c93bd3b963a9275c586;mail:	kawashiroryofu@gmail.com	.未知
[2022-1-28 23:1:39][i]objectId:	5fae7baabd3b963a9277aebe;mail:	i@xyz1024.xyz	.加入白名单
[2022-1-28 23:1:40]<!>objectId:	5fb0a7efcb5eb5529fa04d3a;mail:	kawashiroryofu@gmail.com	.未知
[2022-1-28 23:1:41]<!>objectId:	5fb0fddfbd3b963a927839e8;mail:	i@xyz1024.xyz	.未知
[2022-1-28 23:1:42][i]objectId:	5fb5b9418ddca50cedc90da4;mail:	hongcyu@qq.com	.加入白名单
[2022-1-28 23:1:43][i]objectId:	5fb66d6512763367a1e1349c;mail:	badremilia@foxmail.com	.加入白名单
[2022-1-28 23:1:44]<!>objectId:	5fbe7fb7f901122c6458e233;mail:	kawashiroryofu@gmail.com	.未知
[2022-1-28 23:1:46]<!>objectId:	5fbe80beed2e611747f53f19;mail:	kawashiroryofu@gmail.com	.未知
[2022-1-28 23:1:47][i]objectId:	5fc23d0ced2e611747f66e1a;mail:	nicebowl@foxmail.com	.加入白名单
[2022-1-28 23:1:48]<!>objectId:	5fc23dd6f901122c645a0f06;mail:	nicebowl@foxmail.com	.未知
[2022-1-28 23:1:49]<!>objectId:	5fc23f49ed2e611747f66e8e;mail:	nicebowl@foxmail.com	.未知
[2022-1-28 23:1:50]<!>objectId:	5fc2434fed2e611747f66f8e;mail:	kawashiroryofu@gmail.com	.未知
[2022-1-28 23:1:51]<!>objectId:	5fc34c34ed2e611747f6aa13;mail:	vensing@foxmail.com	.未知
[2022-1-28 23:1:52]<!>objectId:	5fc357c1ed2e611747f6aee2;mail:	kawashiroryofu@gmail.com	.未知
[2022-1-28 23:1:53]<!>objectId:	5fc50ae7f901122c645ad8ae;mail:	kawashiroryofu@gmail.com	.未知
[2022-1-28 23:1:54]<!>objectId:	5fc538b2f901122c645ae492;mail:	blackguwc@163.com	.未知
[2022-1-28 23:1:55]<!>objectId:	5fc6393581ea7d3f705a3cf7;mail:	xiaobaomy123@qq.com	.未知
[2022-1-28 23:2:22][i]LWAR alpha v.202201281751
[2022-1-28 23:2:23][i](C) 2022 非科学の河童, All Rights Reserved
[2022-1-28 23:2:24][i]遵循GPLv2许可证分发
[2022-1-28 23:2:25]<!>
        ####################
        # 此程序不含担保！ #
        ####################
[2022-1-28 23:2:26][i]完成LeanCloud初始化
[2022-1-28 23:2:34][i]整理已评论邮箱：开始
[2022-1-28 23:2:35][i]objectId:	5f49b5665c188a00084174c7	;mail:	vensing@foxmail.com		.加入白名单
[2022-1-28 23:2:36][i]objectId:	5f4c73025c188a00084257c5	;mail:	me@chanshiyu.com		.加入白名单
[2022-1-28 23:2:37][i]objectId:	5f4d1820ddf36600062da3bb	;mail:	polarws@qq.com		.加入白名单
[2022-1-28 23:2:38][i]objectId:	5f4fce24b369be6830173f76	;mail:	kawashiroryofu@gmail.com		.加入白名单
[2022-1-28 23:2:39][i]objectId:	5f547bf49d82053001f73b85	;mail:	blackguwc@163.com		.加入白名单
[2022-1-28 23:2:40][i]objectId:	5f59d666bbc96c658cc6eed7	;mail:	xiaobaomy123@qq.com		.加入白名单
[2022-1-28 23:2:41][i]objectId:	5f5c5c43bbc96c658cc7e711	;mail:	stkoala233@gmail.com		.加入白名单
[2022-1-28 23:2:42][i]objectId:	5f65d42b17d94f6ebb3fed86	;mail:	gm@xiaolfeng.cn		.加入白名单
[2022-1-28 23:2:43][i]objectId:	5f78477095e50238f1244919	;mail:	xty@2broear.com		.加入白名单
[2022-1-28 23:2:44][i]objectId:	5f8493f48df73f05fdd8af05	;mail:	me@yunyoujun.cn		.加入白名单
[2022-1-28 23:2:45][i]objectId:	5f946188d47c5a4bea90594d	;mail:	stardust@fspark.me		.加入白名单
[2022-1-28 23:2:46][i]objectId:	5f9fb94f9d984e4a5fd0d5e7	;mail:	i@flandrescarlet.cn		.加入白名单
[2022-1-28 23:2:47][i]objectId:	5fae7baabd3b963a9277aebe	;mail:	i@xyz1024.xyz		.加入白名单
[2022-1-28 23:2:48][i]objectId:	5fb5b9418ddca50cedc90da4	;mail:	hongcyu@qq.com		.加入白名单
[2022-1-28 23:2:49][i]objectId:	5fb66d6512763367a1e1349c	;mail:	badremilia@foxmail.com		.加入白名单
[2022-1-28 23:2:50][i]objectId:	5fc23d0ced2e611747f66e1a	;mail:	nicebowl@foxmail.com		.加入白名单
[2022-1-28 23:2:51][i]objectId:	5fe755a57b936022ab85aacf	;mail:	bil@xydida.com		.加入白名单
[2022-1-28 23:2:52][i]objectId:	5fee75414f2ead6c4f3cb352	;mail:	sakura@yuuiki.cn		.加入白名单
[2022-1-28 23:2:53][i]objectId:	5feeca011f743b315a218a89	;mail:	gm@x-lf.cn		.加入白名单
[2022-1-28 23:2:54][i]objectId:	5ff9fb777d64400b9179c106	;mail:	212790560@qq.com		.加入白名单
[2022-1-28 23:2:55][i]objectId:	5ffaa0904840865f26d1db98	;mail:	15010033005@163.com		.加入白名单
[2022-1-28 23:2:56][i]objectId:	6003a79b5582f5630f01a3f0	;mail:	123456@qq.com		.加入黑名单
[2022-1-28 23:2:57][i]objectId:	60054d225582f5630f021a8c	;mail:	liukaijun@0lbo.cn		.加入白名单
[2022-1-28 23:2:58][i]objectId:	600f7ec7ddc460165b4c3554	;mail:	8629563@qq.com		.加入黑名单
[2022-1-28 23:2:59][i]objectId:	6010b922ddc460165b4c96e8	;mail:	ztstillwater@protonmail.com		.加入白名单
[2022-1-28 23:3:0][i]objectId:	601f67c09c05de42545c8029	;mail:	wmz872311@163.com		.加入白名单
[2022-1-28 23:3:1][i]objectId:	602cf3799c05de425460d753	;mail:	phenolphthalein1009@gmail.com		.加入白名单
[2022-1-28 23:3:2][i]objectId:	602db87f286a8427b94ede75	;mail:	lyjcody@foxmail.com		.加入白名单
[2022-1-28 23:3:3][i]objectId:	6039bec2c18cab4a7d89b756	;mail:	98562953@qq.com		.加入黑名单
[2022-1-28 23:3:4][i]objectId:	6044578e4ade4d78526deaab	;mail:	ponyoung@qq.com		.加入白名单
[2022-1-28 23:3:6][i]objectId:	60572b6be061ae461cff551e	;mail:	3447851674@qq.com		.加入白名单
[2022-1-28 23:3:7][i]objectId:	60608e8d2c9df85c57427695	;mail:	6@9i3.cn		.加入白名单
[2022-1-28 23:3:8][i]objectId:	606735ba9d29e66a14fba7eb	;mail:	i@laomai.org		.加入白名单
[2022-1-28 23:3:9][i]objectId:	607a644f2b253b2882dff563	;mail:	wmz872312@163.com		.加入白名单
[2022-1-28 23:3:10][i]objectId:	607b968b0b38b842665f0dc4	;mail:	nekodeng@qq.com		.加入白名单
[2022-1-28 23:3:11][i]objectId:	6084e2d5d16468165c710cc7	;mail:	2496760896@qq.com		.加入白名单
[2022-1-28 23:3:12][i]objectId:	608606678f732d1719b8f17d	;mail:	1198168788@qq.com		.加入白名单
[2022-1-28 23:3:13][i]objectId:	608e2de540ff9c73eb413184	;mail:	youranreus@qq.com		.加入白名单
[2022-1-28 23:3:14][i]objectId:	608fb57840ff9c73eb421027	;mail:	i@wmz.link		.加入白名单
[2022-1-28 23:3:15][i]objectId:	609211229b9be32e4a489a31	;mail:	yousa2019@foxmail.com		.加入白名单
[2022-1-28 23:3:16][i]objectId:	6093fb6a40ff9c73eb446ec6	;mail:	264561803@qq.com		.加入白名单
[2022-1-28 23:3:17][i]objectId:	6096a68f9b9be32e4a4b5258	;mail:	admin@shiertx.com		.加入白名单
[2022-1-28 23:3:18][i]objectId:	60a0cad940ff9c73eb4b398a	;mail:	hurui200320@skyblond.info		.加入白名单
[2022-1-28 23:3:19][i]objectId:	60a284d79b9be32e4a518833	;mail:	w@zooo.io		.加入白名单
[2022-1-28 23:3:20][i]objectId:	60a3427240ff9c73eb4c8621	;mail:	kuangkunh@163.com		.加入白名单
[2022-1-28 23:3:21][i]objectId:	60ab020640ff9c73eb50c159	;mail:	me@thyuu.com		.加入白名单
[2022-1-28 23:3:22][i]objectId:	60aba87840ff9c73eb51361e	;mail:	i@cyris.moe		.加入白名单
[2022-1-28 23:3:23][i]objectId:	60ad0b95898a0468d7f5ca25	;mail:	i@qy.is		.加入白名单
[2022-1-28 23:3:24][i]objectId:	60b7a6d5d904461a7e0b64ff	;mail:	magmablock@qq.com		.加入白名单
[2022-1-28 23:3:25][i]objectId:	60c2dff9c7fcdb589e62941c	;mail:	woshiniuziku@gmail.com		.加入白名单
[2022-1-28 23:3:26][i]objectId:	60c6b77ffbd3a161302bd4fe	;mail:	WhitemuTeam@outlook.com		.加入白名单
[2022-1-28 23:3:27][i]objectId:	60d8922c6c65734e66e7a439	;mail:	1022508801@qq.com		.加入白名单
[2022-1-28 23:3:28][i]objectId:	60e29d10dd0bc82ed89ad4b7	;mail:	i@here.sy		.加入白名单
[2022-1-28 23:3:29][i]objectId:	60f27f05caa39b3e531fc0bc	;mail:	misakaloli@aliyun.com		.加入白名单
[2022-1-28 23:3:30][i]objectId:	60fd1dc184f0560a2bdbaa85	;mail:	hydrogenoixde@foxmail.com		.加入白名单
[2022-1-28 23:3:31][i]objectId:	60feabd384f0560a2bdc7b3c	;mail:	coremint@foxmail.com		.加入白名单
[2022-1-28 23:3:32][i]objectId:	6104933584f0560a2bfc6f46	;mail:	1529180461@qq.com		.加入黑名单
[2022-1-28 23:3:33][i]objectId:	6106679e84f0560a2bfd4fe0	;mail:	tweejjhi4016@163.com		.加入白名单
[2022-1-28 23:3:34][i]objectId:	610a325e51114048239161af	;mail:	3376516520@qq.com		.加入白名单
[2022-1-28 23:3:35][i]objectId:	6116db24f482a14ff5c36d49	;mail:	1596127831@qq.com		.加入白名单
[2022-1-28 23:8:36][i]LWAR alpha v.202201281751
[2022-1-28 23:8:37][i](C) 2022 非科学の河童, All Rights Reserved
[2022-1-28 23:8:38][i]遵循GPLv2许可证分发
[2022-1-28 23:8:39]<!>
        ####################
        # 此程序不含担保！ #
        ####################
[2022-1-28 23:8:40][i]完成LeanCloud初始化
[2022-1-28 23:8:46][i]整理已评论邮箱：开始
[2022-1-28 23:8:47](x)__init__() missing 1 required positional argument: 'stat'
[2022-1-28 23:9:36][i]LWAR alpha v.202201281751
[2022-1-28 23:9:37][i](C) 2022 非科学の河童, All Rights Reserved
[2022-1-28 23:9:38][i]遵循GPLv2许可证分发
[2022-1-28 23:9:39]<!>
        ####################
        # 此程序不含担保！ #
        ####################
[2022-1-28 23:9:41][i]完成LeanCloud初始化
[2022-1-28 23:9:47][i]整理已评论邮箱：开始
[2022-1-28 23:9:48][i]整理已评论邮箱：完成
[2022-1-28 23:10:18][i]LWAR alpha v.202201281751
[2022-1-28 23:10:19][i](C) 2022 非科学の河童, All Rights Reserved
[2022-1-28 23:10:20][i]遵循GPLv2许可证分发
[2022-1-28 23:10:21]<!>
        ####################
        # 此程序不含担保！ #
        ####################
[2022-1-28 23:10:22][i]完成LeanCloud初始化
[2022-1-28 23:10:30][i]整理已评论邮箱：开始
[2022-1-28 23:11:56][i]LWAR alpha v.202201281751
[2022-1-28 23:11:58][i](C) 2022 非科学の河童, All Rights Reserved
[2022-1-28 23:11:59][i]遵循GPLv2许可证分发
[2022-1-28 23:12:0]<!>
        ####################
        # 此程序不含担保！ #
        ####################
[2022-1-28 23:12:1][i]完成LeanCloud初始化
[2022-1-28 23:12:5][i]整理已评论邮箱：开始
[2022-1-28 23:12:11](x)Thread.__init__() not called
[2022-1-28 23:13:4][i]LWAR alpha v.202201281751
[2022-1-28 23:13:5][i](C) 2022 非科学の河童, All Rights Reserved
[2022-1-28 23:13:6][i]遵循GPLv2许可证分发
[2022-1-28 23:13:7]<!>
        ####################
        # 此程序不含担保！ #
        ####################
[2022-1-28 23:13:8][i]完成LeanCloud初始化
[2022-1-28 23:13:15][i]整理已评论邮箱：开始
[2022-1-28 23:13:16][i]objectId:	5f49b5665c188a00084174c7;	mail:	vensing@foxmail.com		.加入白名单
[2022-1-28 23:13:24][i]objectId:	5f4c73025c188a00084257c5;	mail:	me@chanshiyu.com		.加入白名单
[2022-1-28 23:13:25][i]objectId:	5f4d1820ddf36600062da3bb;	mail:	polarws@qq.com		.加入白名单
[2022-1-28 23:13:26][i]objectId:	5f4fce24b369be6830173f76;	mail:	kawashiroryofu@gmail.com		.加入白名单
[2022-1-28 23:13:27][i]objectId:	5f547bf49d82053001f73b85;	mail:	blackguwc@163.com		.加入白名单
[2022-1-28 23:13:28][i]objectId:	5f59d666bbc96c658cc6eed7;	mail:	xiaobaomy123@qq.com		.加入白名单
[2022-1-28 23:13:29][i]objectId:	5f5c5c43bbc96c658cc7e711;	mail:	stkoala233@gmail.com		.加入白名单
[2022-1-28 23:13:30][i]objectId:	5f65d42b17d94f6ebb3fed86;	mail:	gm@xiaolfeng.cn		.加入白名单
[2022-1-28 23:13:31][i]objectId:	5f78477095e50238f1244919;	mail:	xty@2broear.com		.加入白名单
[2022-1-28 23:13:32][i]objectId:	5f8493f48df73f05fdd8af05;	mail:	me@yunyoujun.cn		.加入白名单
[2022-1-28 23:13:33][i]objectId:	5f946188d47c5a4bea90594d;	mail:	stardust@fspark.me		.加入白名单
[2022-1-28 23:13:34][i]objectId:	5f9fb94f9d984e4a5fd0d5e7;	mail:	i@flandrescarlet.cn		.加入白名单
[2022-1-28 23:13:35][i]objectId:	5fae7baabd3b963a9277aebe;	mail:	i@xyz1024.xyz		.加入白名单
[2022-1-28 23:13:36][i]objectId:	5fb5b9418ddca50cedc90da4;	mail:	hongcyu@qq.com		.加入白名单
[2022-1-28 23:13:37][i]objectId:	5fb66d6512763367a1e1349c;	mail:	badremilia@foxmail.com		.加入白名单
[2022-1-28 23:13:38][i]objectId:	5fc23d0ced2e611747f66e1a;	mail:	nicebowl@foxmail.com		.加入白名单
[2022-1-28 23:13:39][i]objectId:	5fe755a57b936022ab85aacf;	mail:	bil@xydida.com		.加入白名单
[2022-1-28 23:13:40][i]objectId:	5fee75414f2ead6c4f3cb352;	mail:	sakura@yuuiki.cn		.加入白名单
[2022-1-28 23:13:41][i]objectId:	5feeca011f743b315a218a89;	mail:	gm@x-lf.cn		.加入白名单
[2022-1-28 23:13:42][i]objectId:	5ff9fb777d64400b9179c106;	mail:	212790560@qq.com		.加入白名单
[2022-1-28 23:13:43][i]objectId:	5ffaa0904840865f26d1db98;	mail:	15010033005@163.com		.加入白名单
[2022-1-28 23:13:44][i]objectId:	6003a79b5582f5630f01a3f0;	mail:	123456@qq.com.		加入黑名单
[2022-1-28 23:13:45][i]objectId:	60054d225582f5630f021a8c;	mail:	liukaijun@0lbo.cn		.加入白名单
[2022-1-28 23:13:46][i]objectId:	600f7ec7ddc460165b4c3554;	mail:	8629563@qq.com.		加入黑名单
[2022-1-28 23:13:47][i]objectId:	6010b922ddc460165b4c96e8;	mail:	ztstillwater@protonmail.com		.加入白名单
[2022-1-28 23:13:48][i]objectId:	601f67c09c05de42545c8029;	mail:	wmz872311@163.com		.加入白名单
[2022-1-28 23:13:49][i]objectId:	602cf3799c05de425460d753;	mail:	phenolphthalein1009@gmail.com		.加入白名单
[2022-1-28 23:13:50][i]objectId:	602db87f286a8427b94ede75;	mail:	lyjcody@foxmail.com		.加入白名单
[2022-1-28 23:13:51][i]objectId:	6039bec2c18cab4a7d89b756;	mail:	98562953@qq.com.		加入黑名单
[2022-1-28 23:13:52][i]objectId:	6044578e4ade4d78526deaab;	mail:	ponyoung@qq.com		.加入白名单
[2022-1-28 23:13:53][i]objectId:	60572b6be061ae461cff551e;	mail:	3447851674@qq.com		.加入白名单
[2022-1-28 23:13:54][i]objectId:	60608e8d2c9df85c57427695;	mail:	6@9i3.cn		.加入白名单
[2022-1-28 23:13:56][i]objectId:	606735ba9d29e66a14fba7eb;	mail:	i@laomai.org		.加入白名单
[2022-1-28 23:13:57][i]objectId:	607a644f2b253b2882dff563;	mail:	wmz872312@163.com		.加入白名单
[2022-1-28 23:13:58][i]objectId:	607b968b0b38b842665f0dc4;	mail:	nekodeng@qq.com		.加入白名单
