[2022-01-28 23:19:11][i]LWAR alpha v.202201281751
[2022-01-28 23:19:11][i](C) 2022 非科学の河童, All Rights Reserved
[2022-01-28 23:19:11][i]遵循GPLv2许可证分发
[2022-01-28 23:19:11]<!>
        ####################
        # 此程序不含担保！ #
        ####################
[2022-01-28 23:19:11][i]完成LeanCloud初始化
[2022-01-28 23:19:14][i]整理已评论邮箱：开始
[2022-01-28 23:19:14][i]objectId:	5f49b5665c188a00084174c7;	mail:	vensing@foxmail.com		.加入白名单
[2022-01-28 23:19:14][i]objectId:	5f4c73025c188a00084257c5;	mail:	me@chanshiyu.com		.加入白名单
[2022-01-28 23:19:14][i]objectId:	5f4d1820ddf36600062da3bb;	mail:	polarws@qq.com		.加入白名单
[2022-01-28 23:19:14][i]objectId:	5f4fce24b369be6830173f76;	mail:	kawashiroryofu@gmail.com		.加入白名单
[2022-01-28 23:19:14][i]objectId:	5f547bf49d82053001f73b85;	mail:	blackguwc@163.com		.加入白名单
[2022-01-28 23:19:14][i]objectId:	5f59d666bbc96c658cc6eed7;	mail:	xiaobaomy123@qq.com		.加入白名单
[2022-01-28 23:19:14][i]objectId:	5f5c5c43bbc96c658cc7e711;	mail:	stkoala233@gmail.com		.加入白名单
[2022-01-28 23:19:14][i]objectId:	5f65d42b17d94f6ebb3fed86;	mail:	gm@xiaolfeng.cn		.加入白名单
[2022-01-28 23:19:15][i]objectId:	5f78477095e50238f1244919;	mail:	xty@2broear.com		.加入白名单
[2022-01-28 23:19:15][i]objectId:	5f8493f48df73f05fdd8af05;	mail:	me@yunyoujun.cn		.加入白名单
[2022-01-28 23:19:15][i]objectId:	5f946188d47c5a4bea90594d;	mail:	stardust@fspark.me		.加入白名单
[2022-01-28 23:19:15][i]objectId:	5f9fb94f9d984e4a5fd0d5e7;	mail:	i@flandrescarlet.cn		.加入白名单
[2022-01-28 23:19:15][i]objectId:	5fae7baabd3b963a9277aebe;	mail:	i@xyz1024.xyz		.加入白名单
[2022-01-28 23:19:15][i]objectId:	5fb5b9418ddca50cedc90da4;	mail:	hongcyu@qq.com		.加入白名单
[2022-01-28 23:19:15][i]objectId:	5fb66d6512763367a1e1349c;	mail:	badremilia@foxmail.com		.加入白名单
[2022-01-28 23:19:15][i]objectId:	5fc23d0ced2e611747f66e1a;	mail:	nicebowl@foxmail.com		.加入白名单
[2022-01-28 23:19:15][i]objectId:	5fe755a57b936022ab85aacf;	mail:	bil@xydida.com		.加入白名单
[2022-01-28 23:19:15][i]objectId:	5fee75414f2ead6c4f3cb352;	mail:	sakura@yuuiki.cn		.加入白名单
[2022-01-28 23:19:15][i]objectId:	5feeca011f743b315a218a89;	mail:	gm@x-lf.cn		.加入白名单
[2022-01-28 23:19:15][i]objectId:	5ff9fb777d64400b9179c106;	mail:	212790560@qq.com		.加入白名单
[2022-01-28 23:19:15][i]objectId:	5ffaa0904840865f26d1db98;	mail:	15010033005@163.com		.加入白名单
[2022-01-28 23:19:15][i]objectId:	6003a79b5582f5630f01a3f0;	mail:	123456@qq.com.		加入黑名单
[2022-01-28 23:19:15][i]objectId:	60054d225582f5630f021a8c;	mail:	liukaijun@0lbo.cn		.加入白名单
[2022-01-28 23:19:15][i]objectId:	600f7ec7ddc460165b4c3554;	mail:	8629563@qq.com.		加入黑名单
[2022-01-28 23:19:15][i]objectId:	6010b922ddc460165b4c96e8;	mail:	ztstillwater@protonmail.com		.加入白名单
[2022-01-28 23:19:15][i]objectId:	601f67c09c05de42545c8029;	mail:	wmz872311@163.com		.加入白名单
[2022-01-28 23:19:15][i]objectId:	602cf3799c05de425460d753;	mail:	phenolphthalein1009@gmail.com		.加入白名单
[2022-01-28 23:19:15][i]objectId:	602db87f286a8427b94ede75;	mail:	lyjcody@foxmail.com		.加入白名单
[2022-01-28 23:19:15][i]objectId:	6039bec2c18cab4a7d89b756;	mail:	98562953@qq.com.		加入黑名单
[2022-01-28 23:19:15][i]objectId:	6044578e4ade4d78526deaab;	mail:	ponyoung@qq.com		.加入白名单
[2022-01-28 23:19:15][i]objectId:	60572b6be061ae461cff551e;	mail:	3447851674@qq.com		.加入白名单
[2022-01-28 23:19:15][i]objectId:	60608e8d2c9df85c57427695;	mail:	6@9i3.cn		.加入白名单
[2022-01-28 23:19:15][i]objectId:	606735ba9d29e66a14fba7eb;	mail:	i@laomai.org		.加入白名单
[2022-01-28 23:19:15][i]objectId:	607a644f2b253b2882dff563;	mail:	wmz872312@163.com		.加入白名单
[2022-01-28 23:19:15][i]objectId:	607b968b0b38b842665f0dc4;	mail:	nekodeng@qq.com		.加入白名单
[2022-01-28 23:19:15][i]objectId:	6084e2d5d16468165c710cc7;	mail:	2496760896@qq.com		.加入白名单
[2022-01-28 23:19:15][i]objectId:	608606678f732d1719b8f17d;	mail:	1198168788@qq.com		.加入白名单
[2022-01-28 23:19:15][i]objectId:	608e2de540ff9c73eb413184;	mail:	youranreus@qq.com		.加入白名单
[2022-01-28 23:19:15][i]objectId:	608fb57840ff9c73eb421027;	mail:	i@wmz.link		.加入白名单
[2022-01-28 23:19:15][i]objectId:	609211229b9be32e4a489a31;	mail:	yousa2019@foxmail.com		.加入白名单
[2022-01-28 23:19:15][i]objectId:	6093fb6a40ff9c73eb446ec6;	mail:	264561803@qq.com		.加入白名单
[2022-01-28 23:19:15][i]objectId:	6096a68f9b9be32e4a4b5258;	mail:	admin@shiertx.com		.加入白名单
[2022-01-28 23:19:15][i]objectId:	60a0cad940ff9c73eb4b398a;	mail:	hurui200320@skyblond.info		.加入白名单
[2022-01-28 23:19:15][i]objectId:	60a284d79b9be32e4a518833;	mail:	w@zooo.io		.加入白名单
[2022-01-28 23:19:15][i]objectId:	60a3427240ff9c73eb4c8621;	mail:	kuangkunh@163.com		.加入白名单
[2022-01-28 23:19:15][i]objectId:	60ab020640ff9c73eb50c159;	mail:	me@thyuu.com		.加入白名单
[2022-01-28 23:19:15][i]objectId:	60aba87840ff9c73eb51361e;	mail:	i@cyris.moe		.加入白名单
[2022-01-28 23:19:15][i]objectId:	60ad0b95898a0468d7f5ca25;	mail:	i@qy.is		.加入白名单
[2022-01-28 23:19:15][i]objectId:	60b7a6d5d904461a7e0b64ff;	mail:	magmablock@qq.com		.加入白名单
[2022-01-28 23:19:15][i]objectId:	60c2dff9c7fcdb589e62941c;	mail:	woshiniuziku@gmail.com		.加入白名单
[2022-01-28 23:19:15][i]objectId:	60c6b77ffbd3a161302bd4fe;	mail:	WhitemuTeam@outlook.com		.加入白名单
[2022-01-28 23:19:15][i]objectId:	60d8922c6c65734e66e7a439;	mail:	1022508801@qq.com		.加入白名单
[2022-01-28 23:19:15][i]objectId:	60e29d10dd0bc82ed89ad4b7;	mail:	i@here.sy		.加入白名单
[2022-01-28 23:19:15][i]objectId:	60f27f05caa39b3e531fc0bc;	mail:	misakaloli@aliyun.com		.加入白名单
[2022-01-28 23:19:15][i]objectId:	60fd1dc184f0560a2bdbaa85;	mail:	hydrogenoixde@foxmail.com		.加入白名单
[2022-01-28 23:19:15][i]objectId:	60feabd384f0560a2bdc7b3c;	mail:	coremint@foxmail.com		.加入白名单
[2022-01-28 23:19:15][i]objectId:	6104933584f0560a2bfc6f46;	mail:	1529180461@qq.com.		加入黑名单
[2022-01-28 23:19:15][i]objectId:	6106679e84f0560a2bfd4fe0;	mail:	tweejjhi4016@163.com		.加入白名单
[2022-01-28 23:19:15][i]objectId:	610a325e51114048239161af;	mail:	3376516520@qq.com		.加入白名单
[2022-01-28 23:19:15][i]objectId:	6116db24f482a14ff5c36d49;	mail:	1596127831@qq.com		.加入白名单
[2022-01-28 23:19:15][i]objectId:	61172a9e13fdd160a3ba8290;	mail:	chenkid999@gmail.com		.加入白名单
[2022-01-28 23:19:15][i]objectId:	611dfb97f482a14ff5c7f32a;	mail:	i@34.ci		.加入白名单
[2022-01-28 23:19:15][i]objectId:	61205d1de2731473b2979f0a;	mail:	acgmeow@foxmail.com		.加入白名单
[2022-01-28 23:19:15][i]objectId:	6121c42aed028f2ed88c279c;	mail:	eeg1412@gmail.com		.加入白名单
[2022-01-28 23:19:15][i]objectId:	61259821ed028f2ed88dc6a9;	mail:	10086@QQ.COM.		加入黑名单
[2022-01-28 23:19:15][i]objectId:	612709c1ed028f2ed88e6988;	mail:	e1536155154@qq.com		.加入白名单
[2022-01-28 23:19:15][i]objectId:	612779cfe2731473b29b891c;	mail:	q15898699570@163.com		.加入白名单
[2022-01-28 23:19:15][i]objectId:	6131b19de2731473b2a8fc4a;	mail:	qq@qq.md		.加入白名单
[2022-01-28 23:19:15][i]objectId:	61485c066b4e797ba24ef094;	mail:	3550450738@qq.com.		加入黑名单
[2022-01-28 23:19:16][i]objectId:	614eff775e0db15b17ef896e;	mail:	zhjgtao@gmail.com		.加入白名单
[2022-01-28 23:19:16][i]objectId:	615da9d96b4e797ba25cdae6;	mail:	minbaiy@126.com		.加入白名单
[2022-01-28 23:19:16][i]objectId:	616566036b4e797ba260f3d8;	mail:	3010099292@qq.com		.加入白名单
[2022-01-28 23:19:16][i]objectId:	6173cc24a90ab5529692c8fd;	mail:	kevinishd@outlook.com		.加入白名单
[2022-01-28 23:19:16][i]objectId:	617e38e6a90ab552969b9e89;	mail:	openjian@qq.com		.加入白名单
[2022-01-28 23:19:16][i]objectId:	61930067d5b1eb115343cb95;	mail:	421450569@qq.com		.加入白名单
[2022-01-28 23:19:16][i]objectId:	61b3a024c06ec71b1f666916;	mail:	admin@licaoz.com		.加入白名单
[2022-01-28 23:19:16][i]objectId:	61c7dc74d57c540126d6de3c;	mail:	laomai@88.com		.加入白名单
[2022-01-28 23:19:16][i]objectId:	61cf1d5be2b0204a96f80243;	mail:	temple@nydiastudio.com		.加入白名单
[2022-01-28 23:19:16][i]objectId:	61d7b836e2b0204a96fb7bb6;	mail:	896522638@qq.com		.加入白名单
[2022-01-28 23:19:16][i]objectId:	61e6b3ea50c6d849018564e6;	mail:	tweejjhi016@163.com		.加入白名单
[2022-01-28 23:19:16][i]objectId:	61ed836850c6d8490187f718;	mail:	W-YI_DoctorYI@outlook.com		.加入白名单
[2022-01-28 23:19:16][i]整理已评论邮箱：完成
[2022-01-28 23:22:18][i]LWAR alpha v.202201281751
[2022-01-28 23:22:18][i](C) 2022 非科学の河童, All Rights Reserved
[2022-01-28 23:22:18][i]遵循GPLv2许可证分发
[2022-01-28 23:22:18]<!>
        ####################
        # 此程序不含担保！ #
        ####################
[2022-01-28 23:22:18][i]完成LeanCloud初始化
[2022-01-28 23:22:24][i]整理已评论邮箱：开始
[2022-01-28 23:22:24][i]objectId:	5f49b5665c188a00084174c7;	mail:	vensing@foxmail.com		.加入白名单
[2022-01-28 23:22:24][i]objectId:	5f4c73025c188a00084257c5;	mail:	me@chanshiyu.com		.加入白名单
[2022-01-28 23:22:24][i]objectId:	5f4d1820ddf36600062da3bb;	mail:	polarws@qq.com		.加入白名单
[2022-01-28 23:22:24][i]objectId:	5f4fce24b369be6830173f76;	mail:	kawashiroryofu@gmail.com		.加入白名单
[2022-01-28 23:22:24][i]objectId:	5f547bf49d82053001f73b85;	mail:	blackguwc@163.com		.加入白名单
[2022-01-28 23:22:24][i]objectId:	5f59d666bbc96c658cc6eed7;	mail:	xiaobaomy123@qq.com		.加入白名单
[2022-01-28 23:22:24][i]objectId:	5f5c5c43bbc96c658cc7e711;	mail:	stkoala233@gmail.com		.加入白名单
[2022-01-28 23:22:24][i]objectId:	5f65d42b17d94f6ebb3fed86;	mail:	gm@xiaolfeng.cn		.加入白名单
[2022-01-28 23:22:24][i]objectId:	5f78477095e50238f1244919;	mail:	xty@2broear.com		.加入白名单
[2022-01-28 23:22:24][i]objectId:	5f8493f48df73f05fdd8af05;	mail:	me@yunyoujun.cn		.加入白名单
[2022-01-28 23:22:24][i]objectId:	5f946188d47c5a4bea90594d;	mail:	stardust@fspark.me		.加入白名单
[2022-01-28 23:22:24][i]objectId:	5f9fb94f9d984e4a5fd0d5e7;	mail:	i@flandrescarlet.cn		.加入白名单
[2022-01-28 23:22:24][i]objectId:	5fae7baabd3b963a9277aebe;	mail:	i@xyz1024.xyz		.加入白名单
[2022-01-28 23:22:24][i]objectId:	5fb5b9418ddca50cedc90da4;	mail:	hongcyu@qq.com		.加入白名单
[2022-01-28 23:22:24][i]objectId:	5fb66d6512763367a1e1349c;	mail:	badremilia@foxmail.com		.加入白名单
[2022-01-28 23:22:24][i]objectId:	5fc23d0ced2e611747f66e1a;	mail:	nicebowl@foxmail.com		.加入白名单
[2022-01-28 23:22:24][i]objectId:	5fe755a57b936022ab85aacf;	mail:	bil@xydida.com		.加入白名单
[2022-01-28 23:22:24][i]objectId:	5fee75414f2ead6c4f3cb352;	mail:	sakura@yuuiki.cn		.加入白名单
[2022-01-28 23:22:24][i]objectId:	5feeca011f743b315a218a89;	mail:	gm@x-lf.cn		.加入白名单
[2022-01-28 23:22:25][i]objectId:	5ff9fb777d64400b9179c106;	mail:	212790560@qq.com		.加入白名单
[2022-01-28 23:22:25][i]objectId:	5ffaa0904840865f26d1db98;	mail:	15010033005@163.com		.加入白名单
[2022-01-28 23:22:25][i]objectId:	6003a79b5582f5630f01a3f0;	mail:	123456@qq.com.		加入黑名单
[2022-01-28 23:22:25][i]objectId:	60054d225582f5630f021a8c;	mail:	liukaijun@0lbo.cn		.加入白名单
[2022-01-28 23:22:25][i]objectId:	600f7ec7ddc460165b4c3554;	mail:	8629563@qq.com.		加入黑名单
[2022-01-28 23:22:25][i]objectId:	6010b922ddc460165b4c96e8;	mail:	ztstillwater@protonmail.com		.加入白名单
[2022-01-28 23:22:25][i]objectId:	601f67c09c05de42545c8029;	mail:	wmz872311@163.com		.加入白名单
[2022-01-28 23:22:25][i]objectId:	602cf3799c05de425460d753;	mail:	phenolphthalein1009@gmail.com		.加入白名单
[2022-01-28 23:22:25][i]objectId:	602db87f286a8427b94ede75;	mail:	lyjcody@foxmail.com		.加入白名单
[2022-01-28 23:22:25][i]objectId:	6039bec2c18cab4a7d89b756;	mail:	98562953@qq.com.		加入黑名单
[2022-01-28 23:22:25][i]objectId:	6044578e4ade4d78526deaab;	mail:	ponyoung@qq.com		.加入白名单
[2022-01-28 23:22:25][i]objectId:	60572b6be061ae461cff551e;	mail:	3447851674@qq.com		.加入白名单
[2022-01-28 23:22:25][i]objectId:	60608e8d2c9df85c57427695;	mail:	6@9i3.cn		.加入白名单
[2022-01-28 23:22:25][i]objectId:	606735ba9d29e66a14fba7eb;	mail:	i@laomai.org		.加入白名单
[2022-01-28 23:22:25][i]objectId:	607a644f2b253b2882dff563;	mail:	wmz872312@163.com		.加入白名单
[2022-01-28 23:22:25][i]objectId:	607b968b0b38b842665f0dc4;	mail:	nekodeng@qq.com		.加入白名单
[2022-01-28 23:22:25][i]objectId:	6084e2d5d16468165c710cc7;	mail:	2496760896@qq.com		.加入白名单
[2022-01-28 23:22:25][i]objectId:	608606678f732d1719b8f17d;	mail:	1198168788@qq.com		.加入白名单
[2022-01-28 23:22:25][i]objectId:	608e2de540ff9c73eb413184;	mail:	youranreus@qq.com		.加入白名单
[2022-01-28 23:22:25][i]objectId:	608fb57840ff9c73eb421027;	mail:	i@wmz.link		.加入白名单
[2022-01-28 23:22:25][i]objectId:	609211229b9be32e4a489a31;	mail:	yousa2019@foxmail.com		.加入白名单
[2022-01-28 23:22:25][i]objectId:	6093fb6a40ff9c73eb446ec6;	mail:	264561803@qq.com		.加入白名单
[2022-01-28 23:22:25][i]objectId:	6096a68f9b9be32e4a4b5258;	mail:	admin@shiertx.com		.加入白名单
[2022-01-28 23:22:25][i]objectId:	60a0cad940ff9c73eb4b398a;	mail:	hurui200320@skyblond.info		.加入白名单
[2022-01-28 23:22:25][i]objectId:	60a284d79b9be32e4a518833;	mail:	w@zooo.io		.加入白名单
[2022-01-28 23:22:25][i]objectId:	60a3427240ff9c73eb4c8621;	mail:	kuangkunh@163.com		.加入白名单
[2022-01-28 23:22:25][i]objectId:	60ab020640ff9c73eb50c159;	mail:	me@thyuu.com		.加入白名单
[2022-01-28 23:22:25][i]objectId:	60aba87840ff9c73eb51361e;	mail:	i@cyris.moe		.加入白名单
[2022-01-28 23:22:25][i]objectId:	60ad0b95898a0468d7f5ca25;	mail:	i@qy.is		.加入白名单
[2022-01-28 23:22:25][i]objectId:	60b7a6d5d904461a7e0b64ff;	mail:	magmablock@qq.com		.加入白名单
[2022-01-28 23:22:25][i]objectId:	60c2dff9c7fcdb589e62941c;	mail:	woshiniuziku@gmail.com		.加入白名单
[2022-01-28 23:22:25][i]objectId:	60c6b77ffbd3a161302bd4fe;	mail:	WhitemuTeam@outlook.com		.加入白名单
[2022-01-28 23:22:25][i]objectId:	60d8922c6c65734e66e7a439;	mail:	1022508801@qq.com		.加入白名单
[2022-01-28 23:22:25][i]objectId:	60e29d10dd0bc82ed89ad4b7;	mail:	i@here.sy		.加入白名单
[2022-01-28 23:22:25][i]objectId:	60f27f05caa39b3e531fc0bc;	mail:	misakaloli@aliyun.com		.加入白名单
[2022-01-28 23:22:25][i]objectId:	60fd1dc184f0560a2bdbaa85;	mail:	hydrogenoixde@foxmail.com		.加入白名单
[2022-01-28 23:22:25][i]objectId:	60feabd384f0560a2bdc7b3c;	mail:	coremint@foxmail.com		.加入白名单
[2022-01-28 23:22:25][i]objectId:	6104933584f0560a2bfc6f46;	mail:	1529180461@qq.com.		加入黑名单
[2022-01-28 23:22:25][i]objectId:	6106679e84f0560a2bfd4fe0;	mail:	tweejjhi4016@163.com		.加入白名单
[2022-01-28 23:22:25][i]objectId:	610a325e51114048239161af;	mail:	3376516520@qq.com		.加入白名单
[2022-01-28 23:22:25][i]objectId:	6116db24f482a14ff5c36d49;	mail:	1596127831@qq.com		.加入白名单
[2022-01-28 23:22:25][i]objectId:	61172a9e13fdd160a3ba8290;	mail:	chenkid999@gmail.com		.加入白名单
[2022-01-28 23:22:25][i]objectId:	611dfb97f482a14ff5c7f32a;	mail:	i@34.ci		.加入白名单
[2022-01-28 23:22:25][i]objectId:	61205d1de2731473b2979f0a;	mail:	acgmeow@foxmail.com		.加入白名单
[2022-01-28 23:22:25][i]objectId:	6121c42aed028f2ed88c279c;	mail:	eeg1412@gmail.com		.加入白名单
[2022-01-28 23:22:25][i]objectId:	61259821ed028f2ed88dc6a9;	mail:	10086@QQ.COM.		加入黑名单
[2022-01-28 23:22:25][i]objectId:	612709c1ed028f2ed88e6988;	mail:	e1536155154@qq.com		.加入白名单
[2022-01-28 23:22:25][i]objectId:	612779cfe2731473b29b891c;	mail:	q15898699570@163.com		.加入白名单
[2022-01-28 23:22:25][i]objectId:	6131b19de2731473b2a8fc4a;	mail:	qq@qq.md		.加入白名单
[2022-01-28 23:22:25][i]objectId:	61485c066b4e797ba24ef094;	mail:	3550450738@qq.com.		加入黑名单
[2022-01-28 23:22:25][i]objectId:	614eff775e0db15b17ef896e;	mail:	zhjgtao@gmail.com		.加入白名单
[2022-01-28 23:22:25][i]objectId:	615da9d96b4e797ba25cdae6;	mail:	minbaiy@126.com		.加入白名单
[2022-01-28 23:22:25][i]objectId:	616566036b4e797ba260f3d8;	mail:	3010099292@qq.com		.加入白名单
[2022-01-28 23:22:25][i]objectId:	6173cc24a90ab5529692c8fd;	mail:	kevinishd@outlook.com		.加入白名单
[2022-01-28 23:22:25][i]objectId:	617e38e6a90ab552969b9e89;	mail:	openjian@qq.com		.加入白名单
[2022-01-28 23:22:25][i]objectId:	61930067d5b1eb115343cb95;	mail:	421450569@qq.com		.加入白名单
[2022-01-28 23:22:25][i]objectId:	61b3a024c06ec71b1f666916;	mail:	admin@licaoz.com		.加入白名单
[2022-01-28 23:22:25][i]objectId:	61c7dc74d57c540126d6de3c;	mail:	laomai@88.com		.加入白名单
[2022-01-28 23:22:25][i]objectId:	61cf1d5be2b0204a96f80243;	mail:	temple@nydiastudio.com		.加入白名单
[2022-01-28 23:22:25][i]objectId:	61d7b836e2b0204a96fb7bb6;	mail:	896522638@qq.com		.加入白名单
[2022-01-28 23:22:25][i]objectId:	61e6b3ea50c6d849018564e6;	mail:	tweejjhi016@163.com		.加入白名单
[2022-01-28 23:22:25][i]objectId:	61ed836850c6d8490187f718;	mail:	W-YI_DoctorYI@outlook.com		.加入白名单
[2022-01-28 23:22:25][i]整理已评论邮箱：完成
[2022-01-28 23:22:40][i]LWAR alpha v.202201281751
[2022-01-28 23:22:40][i](C) 2022 非科学の河童, All Rights Reserved
[2022-01-28 23:22:40][i]遵循GPLv2许可证分发
[2022-01-28 23:22:40]<!>
        ####################
        # 此程序不含担保！ #
        ####################
[2022-01-28 23:22:40][i]完成LeanCloud初始化
[2022-01-28 23:22:45][i]整理已评论邮箱：开始
[2022-01-28 23:22:45][i]objectId:	5f49b5665c188a00084174c7;	mail:	vensing@foxmail.com		.加入白名单
[2022-01-28 23:22:45][i]objectId:	5f4c73025c188a00084257c5;	mail:	me@chanshiyu.com		.加入白名单
[2022-01-28 23:22:45][i]objectId:	5f4d1820ddf36600062da3bb;	mail:	polarws@qq.com		.加入白名单
[2022-01-28 23:22:45][i]objectId:	5f4fce24b369be6830173f76;	mail:	kawashiroryofu@gmail.com		.加入白名单
[2022-01-28 23:22:45][i]objectId:	5f547bf49d82053001f73b85;	mail:	blackguwc@163.com		.加入白名单
[2022-01-28 23:22:45][i]objectId:	5f59d666bbc96c658cc6eed7;	mail:	xiaobaomy123@qq.com		.加入白名单
[2022-01-28 23:22:45][i]objectId:	5f5c5c43bbc96c658cc7e711;	mail:	stkoala233@gmail.com		.加入白名单
[2022-01-28 23:22:45][i]objectId:	5f65d42b17d94f6ebb3fed86;	mail:	gm@xiaolfeng.cn		.加入白名单
[2022-01-28 23:22:45][i]objectId:	5f78477095e50238f1244919;	mail:	xty@2broear.com		.加入白名单
[2022-01-28 23:22:45][i]objectId:	5f8493f48df73f05fdd8af05;	mail:	me@yunyoujun.cn		.加入白名单
[2022-01-28 23:22:45][i]objectId:	5f946188d47c5a4bea90594d;	mail:	stardust@fspark.me		.加入白名单
[2022-01-28 23:22:45][i]objectId:	5f9fb94f9d984e4a5fd0d5e7;	mail:	i@flandrescarlet.cn		.加入白名单
[2022-01-28 23:22:45][i]objectId:	5fae7baabd3b963a9277aebe;	mail:	i@xyz1024.xyz		.加入白名单
[2022-01-28 23:22:45][i]objectId:	5fb5b9418ddca50cedc90da4;	mail:	hongcyu@qq.com		.加入白名单
[2022-01-28 23:22:45][i]objectId:	5fb66d6512763367a1e1349c;	mail:	badremilia@foxmail.com		.加入白名单
[2022-01-28 23:22:45][i]objectId:	5fc23d0ced2e611747f66e1a;	mail:	nicebowl@foxmail.com		.加入白名单
[2022-01-28 23:22:45][i]objectId:	5fe755a57b936022ab85aacf;	mail:	bil@xydida.com		.加入白名单
[2022-01-28 23:22:45][i]objectId:	5fee75414f2ead6c4f3cb352;	mail:	sakura@yuuiki.cn		.加入白名单
[2022-01-28 23:22:45][i]objectId:	5feeca011f743b315a218a89;	mail:	gm@x-lf.cn		.加入白名单
[2022-01-28 23:22:45][i]objectId:	5ff9fb777d64400b9179c106;	mail:	212790560@qq.com		.加入白名单
[2022-01-28 23:22:45][i]objectId:	5ffaa0904840865f26d1db98;	mail:	15010033005@163.com		.加入白名单
[2022-01-28 23:22:45][i]objectId:	6003a79b5582f5630f01a3f0;	mail:	123456@qq.com.		加入黑名单
[2022-01-28 23:22:45][i]objectId:	60054d225582f5630f021a8c;	mail:	liukaijun@0lbo.cn		.加入白名单
[2022-01-28 23:22:45][i]objectId:	600f7ec7ddc460165b4c3554;	mail:	8629563@qq.com.		加入黑名单
[2022-01-28 23:22:45][i]objectId:	6010b922ddc460165b4c96e8;	mail:	ztstillwater@protonmail.com		.加入白名单
[2022-01-28 23:22:45][i]objectId:	601f67c09c05de42545c8029;	mail:	wmz872311@163.com		.加入白名单
[2022-01-28 23:22:45][i]objectId:	602cf3799c05de425460d753;	mail:	phenolphthalein1009@gmail.com		.加入白名单
[2022-01-28 23:22:45][i]objectId:	602db87f286a8427b94ede75;	mail:	lyjcody@foxmail.com		.加入白名单
[2022-01-28 23:22:45][i]objectId:	6039bec2c18cab4a7d89b756;	mail:	98562953@qq.com.		加入黑名单
[2022-01-28 23:22:45][i]objectId:	6044578e4ade4d78526deaab;	mail:	ponyoung@qq.com		.加入白名单
[2022-01-28 23:22:45][i]objectId:	60572b6be061ae461cff551e;	mail:	3447851674@qq.com		.加入白名单
[2022-01-28 23:22:45][i]objectId:	60608e8d2c9df85c57427695;	mail:	6@9i3.cn		.加入白名单
[2022-01-28 23:22:45][i]objectId:	606735ba9d29e66a14fba7eb;	mail:	i@laomai.org		.加入白名单
[2022-01-28 23:22:45][i]objectId:	607a644f2b253b2882dff563;	mail:	wmz872312@163.com		.加入白名单
[2022-01-28 23:22:45][i]objectId:	607b968b0b38b842665f0dc4;	mail:	nekodeng@qq.com		.加入白名单
[2022-01-28 23:22:45][i]objectId:	6084e2d5d16468165c710cc7;	mail:	2496760896@qq.com		.加入白名单
[2022-01-28 23:22:45][i]objectId:	608606678f732d1719b8f17d;	mail:	1198168788@qq.com		.加入白名单
[2022-01-28 23:22:45][i]objectId:	608e2de540ff9c73eb413184;	mail:	youranreus@qq.com		.加入白名单
[2022-01-28 23:22:45][i]objectId:	608fb57840ff9c73eb421027;	mail:	i@wmz.link		.加入白名单
[2022-01-28 23:22:45][i]objectId:	609211229b9be32e4a489a31;	mail:	yousa2019@foxmail.com		.加入白名单
[2022-01-28 23:22:45][i]objectId:	6093fb6a40ff9c73eb446ec6;	mail:	264561803@qq.com		.加入白名单
[2022-01-28 23:22:45][i]objectId:	6096a68f9b9be32e4a4b5258;	mail:	admin@shiertx.com		.加入白名单
[2022-01-28 23:22:45][i]objectId:	60a0cad940ff9c73eb4b398a;	mail:	hurui200320@skyblond.info		.加入白名单
[2022-01-28 23:22:45][i]objectId:	60a284d79b9be32e4a518833;	mail:	w@zooo.io		.加入白名单
[2022-01-28 23:22:45][i]objectId:	60a3427240ff9c73eb4c8621;	mail:	kuangkunh@163.com		.加入白名单
[2022-01-28 23:22:45][i]objectId:	60ab020640ff9c73eb50c159;	mail:	me@thyuu.com		.加入白名单
[2022-01-28 23:22:45][i]objectId:	60aba87840ff9c73eb51361e;	mail:	i@cyris.moe		.加入白名单
[2022-01-28 23:22:45][i]objectId:	60ad0b95898a0468d7f5ca25;	mail:	i@qy.is		.加入白名单
[2022-01-28 23:22:45][i]objectId:	60b7a6d5d904461a7e0b64ff;	mail:	magmablock@qq.com		.加入白名单
[2022-01-28 23:22:45][i]objectId:	60c2dff9c7fcdb589e62941c;	mail:	woshiniuziku@gmail.com		.加入白名单
[2022-01-28 23:22:45][i]objectId:	60c6b77ffbd3a161302bd4fe;	mail:	WhitemuTeam@outlook.com		.加入白名单
[2022-01-28 23:22:46][i]objectId:	60d8922c6c65734e66e7a439;	mail:	1022508801@qq.com		.加入白名单
[2022-01-28 23:22:46][i]objectId:	60e29d10dd0bc82ed89ad4b7;	mail:	i@here.sy		.加入白名单
[2022-01-28 23:22:46][i]objectId:	60f27f05caa39b3e531fc0bc;	mail:	misakaloli@aliyun.com		.加入白名单
[2022-01-28 23:22:46][i]objectId:	60fd1dc184f0560a2bdbaa85;	mail:	hydrogenoixde@foxmail.com		.加入白名单
[2022-01-28 23:22:46][i]objectId:	60feabd384f0560a2bdc7b3c;	mail:	coremint@foxmail.com		.加入白名单
[2022-01-28 23:22:46][i]objectId:	6104933584f0560a2bfc6f46;	mail:	1529180461@qq.com.		加入黑名单
[2022-01-28 23:22:46][i]objectId:	6106679e84f0560a2bfd4fe0;	mail:	tweejjhi4016@163.com		.加入白名单
[2022-01-28 23:22:46][i]objectId:	610a325e51114048239161af;	mail:	3376516520@qq.com		.加入白名单
[2022-01-28 23:22:46][i]objectId:	6116db24f482a14ff5c36d49;	mail:	1596127831@qq.com		.加入白名单
[2022-01-28 23:22:46][i]objectId:	61172a9e13fdd160a3ba8290;	mail:	chenkid999@gmail.com		.加入白名单
[2022-01-28 23:22:46][i]objectId:	611dfb97f482a14ff5c7f32a;	mail:	i@34.ci		.加入白名单
[2022-01-28 23:22:46][i]objectId:	61205d1de2731473b2979f0a;	mail:	acgmeow@foxmail.com		.加入白名单
[2022-01-28 23:22:46][i]objectId:	6121c42aed028f2ed88c279c;	mail:	eeg1412@gmail.com		.加入白名单
[2022-01-28 23:22:46][i]objectId:	61259821ed028f2ed88dc6a9;	mail:	10086@QQ.COM.		加入黑名单
[2022-01-28 23:22:46][i]objectId:	612709c1ed028f2ed88e6988;	mail:	e1536155154@qq.com		.加入白名单
[2022-01-28 23:22:46][i]objectId:	612779cfe2731473b29b891c;	mail:	q15898699570@163.com		.加入白名单
[2022-01-28 23:22:46][i]objectId:	6131b19de2731473b2a8fc4a;	mail:	qq@qq.md		.加入白名单
[2022-01-28 23:22:46][i]objectId:	61485c066b4e797ba24ef094;	mail:	3550450738@qq.com.		加入黑名单
[2022-01-28 23:22:46][i]objectId:	614eff775e0db15b17ef896e;	mail:	zhjgtao@gmail.com		.加入白名单
[2022-01-28 23:22:46][i]objectId:	615da9d96b4e797ba25cdae6;	mail:	minbaiy@126.com		.加入白名单
[2022-01-28 23:22:46][i]objectId:	616566036b4e797ba260f3d8;	mail:	3010099292@qq.com		.加入白名单
[2022-01-28 23:22:46][i]objectId:	6173cc24a90ab5529692c8fd;	mail:	kevinishd@outlook.com		.加入白名单
[2022-01-28 23:22:46][i]objectId:	617e38e6a90ab552969b9e89;	mail:	openjian@qq.com		.加入白名单
[2022-01-28 23:22:46][i]objectId:	61930067d5b1eb115343cb95;	mail:	421450569@qq.com		.加入白名单
[2022-01-28 23:22:46][i]objectId:	61b3a024c06ec71b1f666916;	mail:	admin@licaoz.com		.加入白名单
[2022-01-28 23:22:46][i]objectId:	61c7dc74d57c540126d6de3c;	mail:	laomai@88.com		.加入白名单
[2022-01-28 23:22:46][i]objectId:	61cf1d5be2b0204a96f80243;	mail:	temple@nydiastudio.com		.加入白名单
[2022-01-28 23:22:46][i]objectId:	61d7b836e2b0204a96fb7bb6;	mail:	896522638@qq.com		.加入白名单
[2022-01-28 23:22:46][i]objectId:	61e6b3ea50c6d849018564e6;	mail:	tweejjhi016@163.com		.加入白名单
[2022-01-28 23:22:46][i]objectId:	61ed836850c6d8490187f718;	mail:	W-YI_DoctorYI@outlook.com		.加入白名单
[2022-01-28 23:22:46][i]整理已评论邮箱：完成
[2022-01-28 23:23:08][i]LWAR alpha v.202201281751
[2022-01-28 23:23:08][i](C) 2022 非科学の河童, All Rights Reserved
[2022-01-28 23:23:08][i]遵循GPLv2许可证分发
[2022-01-28 23:23:08]<!>
        ####################
        # 此程序不含担保！ #
        ####################
[2022-01-28 23:23:08][i]完成LeanCloud初始化
[2022-01-28 23:23:13][i]整理已评论邮箱：开始
[2022-01-28 23:23:13][i]objectId:	5f49b5665c188a00084174c7;	mail:	vensing@foxmail.com		.加入白名单
[2022-01-28 23:23:13][i]objectId:	5f4c73025c188a00084257c5;	mail:	me@chanshiyu.com		.加入白名单
[2022-01-28 23:23:13][i]objectId:	5f4d1820ddf36600062da3bb;	mail:	polarws@qq.com		.加入白名单
[2022-01-28 23:23:13][i]objectId:	5f4fce24b369be6830173f76;	mail:	kawashiroryofu@gmail.com		.加入白名单
[2022-01-28 23:23:13][i]objectId:	5f547bf49d82053001f73b85;	mail:	blackguwc@163.com		.加入白名单
[2022-01-28 23:23:13][i]objectId:	5f59d666bbc96c658cc6eed7;	mail:	xiaobaomy123@qq.com		.加入白名单
[2022-01-28 23:23:13][i]objectId:	5f5c5c43bbc96c658cc7e711;	mail:	stkoala233@gmail.com		.加入白名单
[2022-01-28 23:23:13][i]objectId:	5f65d42b17d94f6ebb3fed86;	mail:	gm@xiaolfeng.cn		.加入白名单
[2022-01-28 23:23:13][i]objectId:	5f78477095e50238f1244919;	mail:	xty@2broear.com		.加入白名单
[2022-01-28 23:23:13][i]objectId:	5f8493f48df73f05fdd8af05;	mail:	me@yunyoujun.cn		.加入白名单
[2022-01-28 23:23:13][i]objectId:	5f946188d47c5a4bea90594d;	mail:	stardust@fspark.me		.加入白名单
[2022-01-28 23:23:13][i]objectId:	5f9fb94f9d984e4a5fd0d5e7;	mail:	i@flandrescarlet.cn		.加入白名单
[2022-01-28 23:23:13][i]objectId:	5fae7baabd3b963a9277aebe;	mail:	i@xyz1024.xyz		.加入白名单
[2022-01-28 23:23:13][i]objectId:	5fb5b9418ddca50cedc90da4;	mail:	hongcyu@qq.com		.加入白名单
[2022-01-28 23:23:13][i]objectId:	5fb66d6512763367a1e1349c;	mail:	badremilia@foxmail.com		.加入白名单
[2022-01-28 23:23:13][i]objectId:	5fc23d0ced2e611747f66e1a;	mail:	nicebowl@foxmail.com		.加入白名单
[2022-01-28 23:23:13][i]objectId:	5fe755a57b936022ab85aacf;	mail:	bil@xydida.com		.加入白名单
[2022-01-28 23:23:13][i]objectId:	5fee75414f2ead6c4f3cb352;	mail:	sakura@yuuiki.cn		.加入白名单
[2022-01-28 23:23:13][i]objectId:	5feeca011f743b315a218a89;	mail:	gm@x-lf.cn		.加入白名单
[2022-01-28 23:23:13][i]objectId:	5ff9fb777d64400b9179c106;	mail:	212790560@qq.com		.加入白名单
[2022-01-28 23:23:13][i]objectId:	5ffaa0904840865f26d1db98;	mail:	15010033005@163.com		.加入白名单
[2022-01-28 23:23:13][i]objectId:	6003a79b5582f5630f01a3f0;	mail:	123456@qq.com.		加入黑名单
[2022-01-28 23:23:13][i]objectId:	60054d225582f5630f021a8c;	mail:	liukaijun@0lbo.cn		.加入白名单
[2022-01-28 23:23:13][i]objectId:	600f7ec7ddc460165b4c3554;	mail:	8629563@qq.com.		加入黑名单
[2022-01-28 23:23:13][i]objectId:	6010b922ddc460165b4c96e8;	mail:	ztstillwater@protonmail.com		.加入白名单
[2022-01-28 23:23:13][i]objectId:	601f67c09c05de42545c8029;	mail:	wmz872311@163.com		.加入白名单
[2022-01-28 23:23:13][i]objectId:	602cf3799c05de425460d753;	mail:	phenolphthalein1009@gmail.com		.加入白名单
[2022-01-28 23:23:13][i]objectId:	602db87f286a8427b94ede75;	mail:	lyjcody@foxmail.com		.加入白名单
[2022-01-28 23:23:13][i]objectId:	6039bec2c18cab4a7d89b756;	mail:	98562953@qq.com.		加入黑名单
[2022-01-28 23:23:13][i]objectId:	6044578e4ade4d78526deaab;	mail:	ponyoung@qq.com		.加入白名单
[2022-01-28 23:23:13][i]objectId:	60572b6be061ae461cff551e;	mail:	3447851674@qq.com		.加入白名单
[2022-01-28 23:23:13][i]objectId:	60608e8d2c9df85c57427695;	mail:	6@9i3.cn		.加入白名单
[2022-01-28 23:23:13][i]objectId:	606735ba9d29e66a14fba7eb;	mail:	i@laomai.org		.加入白名单
[2022-01-28 23:23:13][i]objectId:	607a644f2b253b2882dff563;	mail:	wmz872312@163.com		.加入白名单
[2022-01-28 23:23:13][i]objectId:	607b968b0b38b842665f0dc4;	mail:	nekodeng@qq.com		.加入白名单
[2022-01-28 23:23:13][i]objectId:	6084e2d5d16468165c710cc7;	mail:	2496760896@qq.com		.加入白名单
[2022-01-28 23:23:13][i]objectId:	608606678f732d1719b8f17d;	mail:	1198168788@qq.com		.加入白名单
[2022-01-28 23:23:13][i]objectId:	608e2de540ff9c73eb413184;	mail:	youranreus@qq.com		.加入白名单
[2022-01-28 23:23:13][i]objectId:	608fb57840ff9c73eb421027;	mail:	i@wmz.link		.加入白名单
[2022-01-28 23:23:13][i]objectId:	609211229b9be32e4a489a31;	mail:	yousa2019@foxmail.com		.加入白名单
[2022-01-28 23:23:13][i]objectId:	6093fb6a40ff9c73eb446ec6;	mail:	264561803@qq.com		.加入白名单
[2022-01-28 23:23:13][i]objectId:	6096a68f9b9be32e4a4b5258;	mail:	admin@shiertx.com		.加入白名单
[2022-01-28 23:23:13][i]objectId:	60a0cad940ff9c73eb4b398a;	mail:	hurui200320@skyblond.info		.加入白名单
[2022-01-28 23:23:13][i]objectId:	60a284d79b9be32e4a518833;	mail:	w@zooo.io		.加入白名单
[2022-01-28 23:23:13][i]objectId:	60a3427240ff9c73eb4c8621;	mail:	kuangkunh@163.com		.加入白名单
[2022-01-28 23:23:13][i]objectId:	60ab020640ff9c73eb50c159;	mail:	me@thyuu.com		.加入白名单
[2022-01-28 23:23:13][i]objectId:	60aba87840ff9c73eb51361e;	mail:	i@cyris.moe		.加入白名单
[2022-01-28 23:23:13][i]objectId:	60ad0b95898a0468d7f5ca25;	mail:	i@qy.is		.加入白名单
[2022-01-28 23:23:13][i]objectId:	60b7a6d5d904461a7e0b64ff;	mail:	magmablock@qq.com		.加入白名单
[2022-01-28 23:23:13][i]objectId:	60c2dff9c7fcdb589e62941c;	mail:	woshiniuziku@gmail.com		.加入白名单
[2022-01-28 23:23:13][i]objectId:	60c6b77ffbd3a161302bd4fe;	mail:	WhitemuTeam@outlook.com		.加入白名单
[2022-01-28 23:23:13][i]objectId:	60d8922c6c65734e66e7a439;	mail:	1022508801@qq.com		.加入白名单
[2022-01-28 23:23:13][i]objectId:	60e29d10dd0bc82ed89ad4b7;	mail:	i@here.sy		.加入白名单
[2022-01-28 23:23:13][i]objectId:	60f27f05caa39b3e531fc0bc;	mail:	misakaloli@aliyun.com		.加入白名单
[2022-01-28 23:23:13][i]objectId:	60fd1dc184f0560a2bdbaa85;	mail:	hydrogenoixde@foxmail.com		.加入白名单
[2022-01-28 23:23:13][i]objectId:	60feabd384f0560a2bdc7b3c;	mail:	coremint@foxmail.com		.加入白名单
[2022-01-28 23:23:13][i]objectId:	6104933584f0560a2bfc6f46;	mail:	1529180461@qq.com.		加入黑名单
[2022-01-28 23:23:13][i]objectId:	6106679e84f0560a2bfd4fe0;	mail:	tweejjhi4016@163.com		.加入白名单
[2022-01-28 23:23:13][i]objectId:	610a325e51114048239161af;	mail:	3376516520@qq.com		.加入白名单
[2022-01-28 23:23:13][i]objectId:	6116db24f482a14ff5c36d49;	mail:	1596127831@qq.com		.加入白名单
[2022-01-28 23:23:13][i]objectId:	61172a9e13fdd160a3ba8290;	mail:	chenkid999@gmail.com		.加入白名单
[2022-01-28 23:23:13][i]objectId:	611dfb97f482a14ff5c7f32a;	mail:	i@34.ci		.加入白名单
[2022-01-28 23:23:13][i]objectId:	61205d1de2731473b2979f0a;	mail:	acgmeow@foxmail.com		.加入白名单
[2022-01-28 23:23:13][i]objectId:	6121c42aed028f2ed88c279c;	mail:	eeg1412@gmail.com		.加入白名单
[2022-01-28 23:23:13][i]objectId:	61259821ed028f2ed88dc6a9;	mail:	10086@QQ.COM.		加入黑名单
[2022-01-28 23:23:13][i]objectId:	612709c1ed028f2ed88e6988;	mail:	e1536155154@qq.com		.加入白名单
[2022-01-28 23:23:13][i]objectId:	612779cfe2731473b29b891c;	mail:	q15898699570@163.com		.加入白名单
[2022-01-28 23:23:13][i]objectId:	6131b19de2731473b2a8fc4a;	mail:	qq@qq.md		.加入白名单
[2022-01-28 23:23:13][i]objectId:	61485c066b4e797ba24ef094;	mail:	3550450738@qq.com.		加入黑名单
[2022-01-28 23:23:13][i]objectId:	614eff775e0db15b17ef896e;	mail:	zhjgtao@gmail.com		.加入白名单
[2022-01-28 23:23:13][i]objectId:	615da9d96b4e797ba25cdae6;	mail:	minbaiy@126.com		.加入白名单
[2022-01-28 23:23:13][i]objectId:	616566036b4e797ba260f3d8;	mail:	3010099292@qq.com		.加入白名单
[2022-01-28 23:23:13][i]objectId:	6173cc24a90ab5529692c8fd;	mail:	kevinishd@outlook.com		.加入白名单
[2022-01-28 23:23:13][i]objectId:	617e38e6a90ab552969b9e89;	mail:	openjian@qq.com		.加入白名单
[2022-01-28 23:23:13][i]objectId:	61930067d5b1eb115343cb95;	mail:	421450569@qq.com		.加入白名单
[2022-01-28 23:23:13][i]objectId:	61b3a024c06ec71b1f666916;	mail:	admin@licaoz.com		.加入白名单
[2022-01-28 23:23:13][i]objectId:	61c7dc74d57c540126d6de3c;	mail:	laomai@88.com		.加入白名单
[2022-01-28 23:23:13][i]objectId:	61cf1d5be2b0204a96f80243;	mail:	temple@nydiastudio.com		.加入白名单
[2022-01-28 23:23:14][i]objectId:	61d7b836e2b0204a96fb7bb6;	mail:	896522638@qq.com		.加入白名单
[2022-01-28 23:23:14][i]objectId:	61e6b3ea50c6d849018564e6;	mail:	tweejjhi016@163.com		.加入白名单
[2022-01-28 23:23:14][i]objectId:	61ed836850c6d8490187f718;	mail:	W-YI_DoctorYI@outlook.com		.加入白名单
[2022-01-28 23:23:14][i]整理已评论邮箱：完成
[2022-01-28 23:23:52][i]LWAR alpha v.202201281751
[2022-01-28 23:23:52][i](C) 2022 非科学の河童, All Rights Reserved
[2022-01-28 23:23:52][i]遵循GPLv2许可证分发
[2022-01-28 23:23:52]<!>
        ####################
        # 此程序不含担保！ #
        ####################
[2022-01-28 23:23:52][i]完成LeanCloud初始化
[2022-01-28 23:23:55][i]整理已评论邮箱：开始
[2022-01-28 23:23:55][i]objectId:	5f49b5665c188a00084174c7;	mail:	vensing@foxmail.com		.加入白名单
[2022-01-28 23:23:55][i]objectId:	5f4c73025c188a00084257c5;	mail:	me@chanshiyu.com		.加入白名单
[2022-01-28 23:23:55][i]objectId:	5f4d1820ddf36600062da3bb;	mail:	polarws@qq.com		.加入白名单
[2022-01-28 23:23:55][i]objectId:	5f4fce24b369be6830173f76;	mail:	kawashiroryofu@gmail.com		.加入白名单
[2022-01-28 23:23:55][i]objectId:	5f547bf49d82053001f73b85;	mail:	blackguwc@163.com		.加入白名单
[2022-01-28 23:23:55][i]objectId:	5f59d666bbc96c658cc6eed7;	mail:	xiaobaomy123@qq.com		.加入白名单
[2022-01-28 23:23:55][i]objectId:	5f5c5c43bbc96c658cc7e711;	mail:	stkoala233@gmail.com		.加入白名单
[2022-01-28 23:23:55][i]objectId:	5f65d42b17d94f6ebb3fed86;	mail:	gm@xiaolfeng.cn		.加入白名单
[2022-01-28 23:23:55][i]objectId:	5f78477095e50238f1244919;	mail:	xty@2broear.com		.加入白名单
[2022-01-28 23:23:55][i]objectId:	5f8493f48df73f05fdd8af05;	mail:	me@yunyoujun.cn		.加入白名单
[2022-01-28 23:23:55][i]objectId:	5f946188d47c5a4bea90594d;	mail:	stardust@fspark.me		.加入白名单
[2022-01-28 23:23:56][i]objectId:	5f9fb94f9d984e4a5fd0d5e7;	mail:	i@flandrescarlet.cn		.加入白名单
[2022-01-28 23:23:56][i]objectId:	5fae7baabd3b963a9277aebe;	mail:	i@xyz1024.xyz		.加入白名单
[2022-01-28 23:23:56][i]objectId:	5fb5b9418ddca50cedc90da4;	mail:	hongcyu@qq.com		.加入白名单
[2022-01-28 23:23:56][i]objectId:	5fb66d6512763367a1e1349c;	mail:	badremilia@foxmail.com		.加入白名单
[2022-01-28 23:23:56][i]objectId:	5fc23d0ced2e611747f66e1a;	mail:	nicebowl@foxmail.com		.加入白名单
[2022-01-28 23:23:56][i]objectId:	5fe755a57b936022ab85aacf;	mail:	bil@xydida.com		.加入白名单
[2022-01-28 23:23:56][i]objectId:	5fee75414f2ead6c4f3cb352;	mail:	sakura@yuuiki.cn		.加入白名单
[2022-01-28 23:23:56][i]objectId:	5feeca011f743b315a218a89;	mail:	gm@x-lf.cn		.加入白名单
[2022-01-28 23:23:56][i]objectId:	5ff9fb777d64400b9179c106;	mail:	212790560@qq.com		.加入白名单
[2022-01-28 23:23:56][i]objectId:	5ffaa0904840865f26d1db98;	mail:	15010033005@163.com		.加入白名单
[2022-01-28 23:23:56][i]objectId:	6003a79b5582f5630f01a3f0;	mail:	123456@qq.com.		加入黑名单
[2022-01-28 23:23:56][i]objectId:	60054d225582f5630f021a8c;	mail:	liukaijun@0lbo.cn		.加入白名单
[2022-01-28 23:23:56][i]objectId:	600f7ec7ddc460165b4c3554;	mail:	8629563@qq.com.		加入黑名单
[2022-01-28 23:23:56][i]objectId:	6010b922ddc460165b4c96e8;	mail:	ztstillwater@protonmail.com		.加入白名单
[2022-01-28 23:23:56][i]objectId:	601f67c09c05de42545c8029;	mail:	wmz872311@163.com		.加入白名单
[2022-01-28 23:23:56][i]objectId:	602cf3799c05de425460d753;	mail:	phenolphthalein1009@gmail.com		.加入白名单
[2022-01-28 23:23:56][i]objectId:	602db87f286a8427b94ede75;	mail:	lyjcody@foxmail.com		.加入白名单
[2022-01-28 23:23:56][i]objectId:	6039bec2c18cab4a7d89b756;	mail:	98562953@qq.com.		加入黑名单
[2022-01-28 23:23:56][i]objectId:	6044578e4ade4d78526deaab;	mail:	ponyoung@qq.com		.加入白名单
[2022-01-28 23:23:56][i]objectId:	60572b6be061ae461cff551e;	mail:	3447851674@qq.com		.加入白名单
[2022-01-28 23:23:56][i]objectId:	60608e8d2c9df85c57427695;	mail:	6@9i3.cn		.加入白名单
[2022-01-28 23:23:56][i]objectId:	606735ba9d29e66a14fba7eb;	mail:	i@laomai.org		.加入白名单
[2022-01-28 23:23:56][i]objectId:	607a644f2b253b2882dff563;	mail:	wmz872312@163.com		.加入白名单
[2022-01-28 23:23:56][i]objectId:	607b968b0b38b842665f0dc4;	mail:	nekodeng@qq.com		.加入白名单
[2022-01-28 23:23:56][i]objectId:	6084e2d5d16468165c710cc7;	mail:	2496760896@qq.com		.加入白名单
[2022-01-28 23:23:56][i]objectId:	608606678f732d1719b8f17d;	mail:	1198168788@qq.com		.加入白名单
[2022-01-28 23:23:56][i]objectId:	608e2de540ff9c73eb413184;	mail:	youranreus@qq.com		.加入白名单
[2022-01-28 23:23:56][i]objectId:	608fb57840ff9c73eb421027;	mail:	i@wmz.link		.加入白名单
[2022-01-28 23:23:56][i]objectId:	609211229b9be32e4a489a31;	mail:	yousa2019@foxmail.com		.加入白名单
[2022-01-28 23:23:56][i]objectId:	6093fb6a40ff9c73eb446ec6;	mail:	264561803@qq.com		.加入白名单
[2022-01-28 23:23:56][i]objectId:	6096a68f9b9be32e4a4b5258;	mail:	admin@shiertx.com		.加入白名单
[2022-01-28 23:23:56][i]objectId:	60a0cad940ff9c73eb4b398a;	mail:	hurui200320@skyblond.info		.加入白名单
[2022-01-28 23:23:56][i]objectId:	60a284d79b9be32e4a518833;	mail:	w@zooo.io		.加入白名单
[2022-01-28 23:23:56][i]objectId:	60a3427240ff9c73eb4c8621;	mail:	kuangkunh@163.com		.加入白名单
[2022-01-28 23:23:56][i]objectId:	60ab020640ff9c73eb50c159;	mail:	me@thyuu.com		.加入白名单
[2022-01-28 23:23:56][i]objectId:	60aba87840ff9c73eb51361e;	mail:	i@cyris.moe		.加入白名单
[2022-01-28 23:23:56][i]objectId:	60ad0b95898a0468d7f5ca25;	mail:	i@qy.is		.加入白名单
[2022-01-28 23:23:56][i]objectId:	60b7a6d5d904461a7e0b64ff;	mail:	magmablock@qq.com		.加入白名单
[2022-01-28 23:23:56][i]objectId:	60c2dff9c7fcdb589e62941c;	mail:	woshiniuziku@gmail.com		.加入白名单
[2022-01-28 23:23:56][i]objectId:	60c6b77ffbd3a161302bd4fe;	mail:	WhitemuTeam@outlook.com		.加入白名单
[2022-01-28 23:23:56][i]objectId:	60d8922c6c65734e66e7a439;	mail:	1022508801@qq.com		.加入白名单
[2022-01-28 23:23:56][i]objectId:	60e29d10dd0bc82ed89ad4b7;	mail:	i@here.sy		.加入白名单
[2022-01-28 23:23:56][i]objectId:	60f27f05caa39b3e531fc0bc;	mail:	misakaloli@aliyun.com		.加入白名单
[2022-01-28 23:23:56][i]objectId:	60fd1dc184f0560a2bdbaa85;	mail:	hydrogenoixde@foxmail.com		.加入白名单
[2022-01-28 23:23:56][i]objectId:	60feabd384f0560a2bdc7b3c;	mail:	coremint@foxmail.com		.加入白名单
[2022-01-28 23:23:56][i]objectId:	6104933584f0560a2bfc6f46;	mail:	1529180461@qq.com.		加入黑名单
[2022-01-28 23:23:56][i]objectId:	6106679e84f0560a2bfd4fe0;	mail:	tweejjhi4016@163.com		.加入白名单
[2022-01-28 23:23:56][i]objectId:	610a325e51114048239161af;	mail:	3376516520@qq.com		.加入白名单
[2022-01-28 23:23:56][i]objectId:	6116db24f482a14ff5c36d49;	mail:	1596127831@qq.com		.加入白名单
[2022-01-28 23:23:56][i]objectId:	61172a9e13fdd160a3ba8290;	mail:	chenkid999@gmail.com		.加入白名单
[2022-01-28 23:23:56][i]objectId:	611dfb97f482a14ff5c7f32a;	mail:	i@34.ci		.加入白名单
[2022-01-28 23:23:56][i]objectId:	61205d1de2731473b2979f0a;	mail:	acgmeow@foxmail.com		.加入白名单
[2022-01-28 23:23:56][i]objectId:	6121c42aed028f2ed88c279c;	mail:	eeg1412@gmail.com		.加入白名单
[2022-01-28 23:23:56][i]objectId:	61259821ed028f2ed88dc6a9;	mail:	10086@QQ.COM.		加入黑名单
[2022-01-28 23:23:56][i]objectId:	612709c1ed028f2ed88e6988;	mail:	e1536155154@qq.com		.加入白名单
[2022-01-28 23:23:56][i]objectId:	612779cfe2731473b29b891c;	mail:	q15898699570@163.com		.加入白名单
[2022-01-28 23:23:56][i]objectId:	6131b19de2731473b2a8fc4a;	mail:	qq@qq.md		.加入白名单
[2022-01-28 23:23:56][i]objectId:	61485c066b4e797ba24ef094;	mail:	3550450738@qq.com.		加入黑名单
[2022-01-28 23:23:56][i]objectId:	614eff775e0db15b17ef896e;	mail:	zhjgtao@gmail.com		.加入白名单
[2022-01-28 23:23:56][i]objectId:	615da9d96b4e797ba25cdae6;	mail:	minbaiy@126.com		.加入白名单
[2022-01-28 23:23:56][i]objectId:	616566036b4e797ba260f3d8;	mail:	3010099292@qq.com		.加入白名单
[2022-01-28 23:23:56][i]objectId:	6173cc24a90ab5529692c8fd;	mail:	kevinishd@outlook.com		.加入白名单
[2022-01-28 23:23:56][i]objectId:	617e38e6a90ab552969b9e89;	mail:	openjian@qq.com		.加入白名单
[2022-01-28 23:23:56][i]objectId:	61930067d5b1eb115343cb95;	mail:	421450569@qq.com		.加入白名单
[2022-01-28 23:23:56][i]objectId:	61b3a024c06ec71b1f666916;	mail:	admin@licaoz.com		.加入白名单
[2022-01-28 23:23:56][i]objectId:	61c7dc74d57c540126d6de3c;	mail:	laomai@88.com		.加入白名单
[2022-01-28 23:23:56][i]objectId:	61cf1d5be2b0204a96f80243;	mail:	temple@nydiastudio.com		.加入白名单
[2022-01-28 23:23:56][i]objectId:	61d7b836e2b0204a96fb7bb6;	mail:	896522638@qq.com		.加入白名单
[2022-01-28 23:23:56][i]objectId:	61e6b3ea50c6d849018564e6;	mail:	tweejjhi016@163.com		.加入白名单
[2022-01-28 23:23:56][i]objectId:	61ed836850c6d8490187f718;	mail:	W-YI_DoctorYI@outlook.com		.加入白名单
[2022-01-28 23:23:56][i]整理已评论邮箱：完成
[2022-01-28 23:32:09][i]LWAR alpha v.202201281751
[2022-01-28 23:32:09][i](C) 2022 非科学の河童, All Rights Reserved
[2022-01-28 23:32:09][i]遵循GPLv2许可证分发
[2022-01-28 23:32:09]<!>
        ####################
        # 此程序不含担保！ #
        ####################
[2022-01-28 23:32:12][i]整理已评论邮箱：开始
[2022-01-28 23:32:12][i]objectId:	5f49b5665c188a00084174c7;	mail:	vensing@foxmail.com		.加入白名单
[2022-01-28 23:32:12][i]objectId:	5f4c73025c188a00084257c5;	mail:	me@chanshiyu.com		.加入白名单
[2022-01-28 23:32:12][i]objectId:	5f4d1820ddf36600062da3bb;	mail:	polarws@qq.com		.加入白名单
[2022-01-28 23:32:12][i]objectId:	5f4fce24b369be6830173f76;	mail:	kawashiroryofu@gmail.com		.加入白名单
[2022-01-28 23:32:12][i]objectId:	5f547bf49d82053001f73b85;	mail:	blackguwc@163.com		.加入白名单
[2022-01-28 23:32:12][i]objectId:	5f59d666bbc96c658cc6eed7;	mail:	xiaobaomy123@qq.com		.加入白名单
[2022-01-28 23:32:12][i]objectId:	5f5c5c43bbc96c658cc7e711;	mail:	stkoala233@gmail.com		.加入白名单
[2022-01-28 23:32:12][i]objectId:	5f65d42b17d94f6ebb3fed86;	mail:	gm@xiaolfeng.cn		.加入白名单
[2022-01-28 23:32:13][i]objectId:	5f78477095e50238f1244919;	mail:	xty@2broear.com		.加入白名单
[2022-01-28 23:32:13][i]objectId:	5f8493f48df73f05fdd8af05;	mail:	me@yunyoujun.cn		.加入白名单
[2022-01-28 23:32:13][i]objectId:	5f946188d47c5a4bea90594d;	mail:	stardust@fspark.me		.加入白名单
[2022-01-28 23:32:13][i]objectId:	5f9fb94f9d984e4a5fd0d5e7;	mail:	i@flandrescarlet.cn		.加入白名单
[2022-01-28 23:32:13][i]objectId:	5fae7baabd3b963a9277aebe;	mail:	i@xyz1024.xyz		.加入白名单
[2022-01-28 23:32:13][i]objectId:	5fb5b9418ddca50cedc90da4;	mail:	hongcyu@qq.com		.加入白名单
[2022-01-28 23:32:13][i]objectId:	5fb66d6512763367a1e1349c;	mail:	badremilia@foxmail.com		.加入白名单
[2022-01-28 23:32:13][i]objectId:	5fc23d0ced2e611747f66e1a;	mail:	nicebowl@foxmail.com		.加入白名单
[2022-01-28 23:32:13][i]objectId:	5fe755a57b936022ab85aacf;	mail:	bil@xydida.com		.加入白名单
[2022-01-28 23:32:13][i]objectId:	5fee75414f2ead6c4f3cb352;	mail:	sakura@yuuiki.cn		.加入白名单
[2022-01-28 23:32:13][i]objectId:	5feeca011f743b315a218a89;	mail:	gm@x-lf.cn		.加入白名单
[2022-01-28 23:32:13][i]objectId:	5ff9fb777d64400b9179c106;	mail:	212790560@qq.com		.加入白名单
[2022-01-28 23:32:13][i]objectId:	5ffaa0904840865f26d1db98;	mail:	15010033005@163.com		.加入白名单
[2022-01-28 23:32:13][i]objectId:	6003a79b5582f5630f01a3f0;	mail:	123456@qq.com.		加入黑名单
[2022-01-28 23:32:13][i]objectId:	60054d225582f5630f021a8c;	mail:	liukaijun@0lbo.cn		.加入白名单
[2022-01-28 23:32:13][i]objectId:	600f7ec7ddc460165b4c3554;	mail:	8629563@qq.com.		加入黑名单
[2022-01-28 23:32:13][i]objectId:	6010b922ddc460165b4c96e8;	mail:	ztstillwater@protonmail.com		.加入白名单
[2022-01-28 23:32:13][i]objectId:	601f67c09c05de42545c8029;	mail:	wmz872311@163.com		.加入白名单
[2022-01-28 23:32:13][i]objectId:	602cf3799c05de425460d753;	mail:	phenolphthalein1009@gmail.com		.加入白名单
[2022-01-28 23:32:13][i]objectId:	602db87f286a8427b94ede75;	mail:	lyjcody@foxmail.com		.加入白名单
[2022-01-28 23:32:13][i]objectId:	6039bec2c18cab4a7d89b756;	mail:	98562953@qq.com.		加入黑名单
[2022-01-28 23:32:13][i]objectId:	6044578e4ade4d78526deaab;	mail:	ponyoung@qq.com		.加入白名单
[2022-01-28 23:32:13][i]objectId:	60572b6be061ae461cff551e;	mail:	3447851674@qq.com		.加入白名单
[2022-01-28 23:32:13][i]objectId:	60608e8d2c9df85c57427695;	mail:	6@9i3.cn		.加入白名单
[2022-01-28 23:32:13][i]objectId:	606735ba9d29e66a14fba7eb;	mail:	i@laomai.org		.加入白名单
[2022-01-28 23:32:13][i]objectId:	607a644f2b253b2882dff563;	mail:	wmz872312@163.com		.加入白名单
[2022-01-28 23:32:13][i]objectId:	607b968b0b38b842665f0dc4;	mail:	nekodeng@qq.com		.加入白名单
[2022-01-28 23:32:13][i]objectId:	6084e2d5d16468165c710cc7;	mail:	2496760896@qq.com		.加入白名单
[2022-01-28 23:32:13][i]objectId:	608606678f732d1719b8f17d;	mail:	1198168788@qq.com		.加入白名单
[2022-01-28 23:32:13][i]objectId:	608e2de540ff9c73eb413184;	mail:	youranreus@qq.com		.加入白名单
[2022-01-28 23:32:13][i]objectId:	608fb57840ff9c73eb421027;	mail:	i@wmz.link		.加入白名单
[2022-01-28 23:32:13][i]objectId:	609211229b9be32e4a489a31;	mail:	yousa2019@foxmail.com		.加入白名单
[2022-01-28 23:32:13][i]objectId:	6093fb6a40ff9c73eb446ec6;	mail:	264561803@qq.com		.加入白名单
[2022-01-28 23:32:13][i]objectId:	6096a68f9b9be32e4a4b5258;	mail:	admin@shiertx.com		.加入白名单
[2022-01-28 23:32:13][i]objectId:	60a0cad940ff9c73eb4b398a;	mail:	hurui200320@skyblond.info		.加入白名单
[2022-01-28 23:32:13][i]objectId:	60a284d79b9be32e4a518833;	mail:	w@zooo.io		.加入白名单
[2022-01-28 23:32:13][i]objectId:	60a3427240ff9c73eb4c8621;	mail:	kuangkunh@163.com		.加入白名单
[2022-01-28 23:32:13][i]objectId:	60ab020640ff9c73eb50c159;	mail:	me@thyuu.com		.加入白名单
[2022-01-28 23:32:13][i]objectId:	60aba87840ff9c73eb51361e;	mail:	i@cyris.moe		.加入白名单
[2022-01-28 23:32:13][i]objectId:	60ad0b95898a0468d7f5ca25;	mail:	i@qy.is		.加入白名单
[2022-01-28 23:32:13][i]objectId:	60b7a6d5d904461a7e0b64ff;	mail:	magmablock@qq.com		.加入白名单
[2022-01-28 23:32:13][i]objectId:	60c2dff9c7fcdb589e62941c;	mail:	woshiniuziku@gmail.com		.加入白名单
[2022-01-28 23:32:13][i]objectId:	60c6b77ffbd3a161302bd4fe;	mail:	WhitemuTeam@outlook.com		.加入白名单
[2022-01-28 23:32:13][i]objectId:	60d8922c6c65734e66e7a439;	mail:	1022508801@qq.com		.加入白名单
[2022-01-28 23:32:13][i]objectId:	60e29d10dd0bc82ed89ad4b7;	mail:	i@here.sy		.加入白名单
[2022-01-28 23:32:13][i]objectId:	60f27f05caa39b3e531fc0bc;	mail:	misakaloli@aliyun.com		.加入白名单
[2022-01-28 23:32:13][i]objectId:	60fd1dc184f0560a2bdbaa85;	mail:	hydrogenoixde@foxmail.com		.加入白名单
[2022-01-28 23:32:13][i]objectId:	60feabd384f0560a2bdc7b3c;	mail:	coremint@foxmail.com		.加入白名单
[2022-01-28 23:32:13][i]objectId:	6104933584f0560a2bfc6f46;	mail:	1529180461@qq.com.		加入黑名单
[2022-01-28 23:32:13][i]objectId:	6106679e84f0560a2bfd4fe0;	mail:	tweejjhi4016@163.com		.加入白名单
[2022-01-28 23:32:13][i]objectId:	610a325e51114048239161af;	mail:	3376516520@qq.com		.加入白名单
[2022-01-28 23:32:13][i]objectId:	6116db24f482a14ff5c36d49;	mail:	1596127831@qq.com		.加入白名单
[2022-01-28 23:32:13][i]objectId:	61172a9e13fdd160a3ba8290;	mail:	chenkid999@gmail.com		.加入白名单
[2022-01-28 23:32:13][i]objectId:	611dfb97f482a14ff5c7f32a;	mail:	i@34.ci		.加入白名单
[2022-01-28 23:32:13][i]objectId:	61205d1de2731473b2979f0a;	mail:	acgmeow@foxmail.com		.加入白名单
[2022-01-28 23:32:13][i]objectId:	6121c42aed028f2ed88c279c;	mail:	eeg1412@gmail.com		.加入白名单
[2022-01-28 23:32:14][i]objectId:	61259821ed028f2ed88dc6a9;	mail:	10086@QQ.COM.		加入黑名单
[2022-01-28 23:32:14][i]objectId:	612709c1ed028f2ed88e6988;	mail:	e1536155154@qq.com		.加入白名单
[2022-01-28 23:32:14][i]objectId:	612779cfe2731473b29b891c;	mail:	q15898699570@163.com		.加入白名单
[2022-01-28 23:32:14][i]objectId:	6131b19de2731473b2a8fc4a;	mail:	qq@qq.md		.加入白名单
[2022-01-28 23:32:14][i]objectId:	61485c066b4e797ba24ef094;	mail:	3550450738@qq.com.		加入黑名单
[2022-01-28 23:32:14][i]objectId:	614eff775e0db15b17ef896e;	mail:	zhjgtao@gmail.com		.加入白名单
[2022-01-28 23:32:14][i]objectId:	615da9d96b4e797ba25cdae6;	mail:	minbaiy@126.com		.加入白名单
[2022-01-28 23:32:14][i]objectId:	616566036b4e797ba260f3d8;	mail:	3010099292@qq.com		.加入白名单
[2022-01-28 23:32:14][i]objectId:	6173cc24a90ab5529692c8fd;	mail:	kevinishd@outlook.com		.加入白名单
[2022-01-28 23:32:14][i]objectId:	617e38e6a90ab552969b9e89;	mail:	openjian@qq.com		.加入白名单
[2022-01-28 23:32:14][i]objectId:	61930067d5b1eb115343cb95;	mail:	421450569@qq.com		.加入白名单
[2022-01-28 23:32:14][i]objectId:	61b3a024c06ec71b1f666916;	mail:	admin@licaoz.com		.加入白名单
[2022-01-28 23:32:14][i]objectId:	61c7dc74d57c540126d6de3c;	mail:	laomai@88.com		.加入白名单
[2022-01-28 23:32:14][i]objectId:	61cf1d5be2b0204a96f80243;	mail:	temple@nydiastudio.com		.加入白名单
[2022-01-28 23:32:14][i]objectId:	61d7b836e2b0204a96fb7bb6;	mail:	896522638@qq.com		.加入白名单
[2022-01-28 23:32:14][i]objectId:	61e6b3ea50c6d849018564e6;	mail:	tweejjhi016@163.com		.加入白名单
[2022-01-28 23:32:14][i]objectId:	61ed836850c6d8490187f718;	mail:	W-YI_DoctorYI@outlook.com		.加入白名单
[2022-01-28 23:32:14][i]整理已评论邮箱：完成
[2022-01-28 23:32:14][i]上传白名单	(0/75)
[2022-01-28 23:32:14][i]上传白名单	(0/75)
[2022-01-28 23:32:14][i]上传白名单	(0/75)
[2022-01-28 23:32:15][i]上传白名单	(0/75)
[2022-01-28 23:32:15][i]上传白名单	(0/75)
[2022-01-28 23:32:15][i]上传白名单	(0/75)
[2022-01-28 23:32:15][i]上传白名单	(0/75)
[2022-01-28 23:32:16][i]上传白名单	(0/75)
[2022-01-28 23:32:16][i]上传白名单	(0/75)
[2022-01-28 23:32:16][i]上传白名单	(0/75)
[2022-01-28 23:32:16][i]上传白名单	(0/75)
[2022-01-28 23:32:16][i]上传白名单	(0/75)
[2022-01-28 23:32:17][i]上传白名单	(0/75)
[2022-01-28 23:32:17][i]上传白名单	(0/75)
[2022-01-28 23:32:17][i]上传白名单	(0/75)
[2022-01-28 23:32:17][i]上传白名单	(0/75)
[2022-01-28 23:32:17][i]上传白名单	(0/75)
[2022-01-28 23:32:18][i]上传白名单	(0/75)
[2022-01-28 23:32:18][i]上传白名单	(0/75)
[2022-01-28 23:32:18][i]上传白名单	(0/75)
[2022-01-28 23:32:18][i]上传白名单	(0/75)
[2022-01-28 23:32:19][i]上传白名单	(0/75)
[2022-01-28 23:32:19][i]上传白名单	(0/75)
[2022-01-28 23:32:19][i]上传白名单	(0/75)
[2022-01-28 23:32:19][i]上传白名单	(0/75)
[2022-01-28 23:32:19][i]上传白名单	(0/75)
[2022-01-28 23:32:20][i]上传白名单	(0/75)
[2022-01-28 23:32:20][i]上传白名单	(0/75)
[2022-01-28 23:32:20][i]上传白名单	(0/75)
[2022-01-28 23:33:06][i]LWAR alpha v.202201281751
[2022-01-28 23:33:06][i](C) 2022 非科学の河童, All Rights Reserved
[2022-01-28 23:33:06][i]遵循GPLv2许可证分发
[2022-01-28 23:33:06]<!>
        ####################
        # 此程序不含担保！ #
        ####################
[2022-01-28 23:33:10][i]整理已评论邮箱：开始
[2022-01-28 23:33:10][i]objectId:	5f49b5665c188a00084174c7;	mail:	vensing@foxmail.com		.加入白名单
[2022-01-28 23:33:10][i]objectId:	5f4c73025c188a00084257c5;	mail:	me@chanshiyu.com		.加入白名单
[2022-01-28 23:33:10][i]objectId:	5f4d1820ddf36600062da3bb;	mail:	polarws@qq.com		.加入白名单
[2022-01-28 23:33:10][i]objectId:	5f4fce24b369be6830173f76;	mail:	kawashiroryofu@gmail.com		.加入白名单
[2022-01-28 23:33:10][i]objectId:	5f547bf49d82053001f73b85;	mail:	blackguwc@163.com		.加入白名单
[2022-01-28 23:33:10][i]objectId:	5f59d666bbc96c658cc6eed7;	mail:	xiaobaomy123@qq.com		.加入白名单
[2022-01-28 23:33:10][i]objectId:	5f5c5c43bbc96c658cc7e711;	mail:	stkoala233@gmail.com		.加入白名单
[2022-01-28 23:33:10][i]objectId:	5f65d42b17d94f6ebb3fed86;	mail:	gm@xiaolfeng.cn		.加入白名单
[2022-01-28 23:33:10][i]objectId:	5f78477095e50238f1244919;	mail:	xty@2broear.com		.加入白名单
[2022-01-28 23:33:10][i]objectId:	5f8493f48df73f05fdd8af05;	mail:	me@yunyoujun.cn		.加入白名单
[2022-01-28 23:33:10][i]objectId:	5f946188d47c5a4bea90594d;	mail:	stardust@fspark.me		.加入白名单
[2022-01-28 23:33:10][i]objectId:	5f9fb94f9d984e4a5fd0d5e7;	mail:	i@flandrescarlet.cn		.加入白名单
[2022-01-28 23:33:10][i]objectId:	5fae7baabd3b963a9277aebe;	mail:	i@xyz1024.xyz		.加入白名单
[2022-01-28 23:33:10][i]objectId:	5fb5b9418ddca50cedc90da4;	mail:	hongcyu@qq.com		.加入白名单
[2022-01-28 23:33:10][i]objectId:	5fb66d6512763367a1e1349c;	mail:	badremilia@foxmail.com		.加入白名单
[2022-01-28 23:33:10][i]objectId:	5fc23d0ced2e611747f66e1a;	mail:	nicebowl@foxmail.com		.加入白名单
[2022-01-28 23:33:10][i]objectId:	5fe755a57b936022ab85aacf;	mail:	bil@xydida.com		.加入白名单
[2022-01-28 23:33:10][i]objectId:	5fee75414f2ead6c4f3cb352;	mail:	sakura@yuuiki.cn		.加入白名单
[2022-01-28 23:33:10][i]objectId:	5feeca011f743b315a218a89;	mail:	gm@x-lf.cn		.加入白名单
[2022-01-28 23:33:10][i]objectId:	5ff9fb777d64400b9179c106;	mail:	212790560@qq.com		.加入白名单
[2022-01-28 23:33:10][i]objectId:	5ffaa0904840865f26d1db98;	mail:	15010033005@163.com		.加入白名单
[2022-01-28 23:33:10][i]objectId:	6003a79b5582f5630f01a3f0;	mail:	123456@qq.com.		加入黑名单
[2022-01-28 23:33:10][i]objectId:	60054d225582f5630f021a8c;	mail:	liukaijun@0lbo.cn		.加入白名单
[2022-01-28 23:33:10][i]objectId:	600f7ec7ddc460165b4c3554;	mail:	8629563@qq.com.		加入黑名单
[2022-01-28 23:33:10][i]objectId:	6010b922ddc460165b4c96e8;	mail:	ztstillwater@protonmail.com		.加入白名单
[2022-01-28 23:33:10][i]objectId:	601f67c09c05de42545c8029;	mail:	wmz872311@163.com		.加入白名单
[2022-01-28 23:33:10][i]objectId:	602cf3799c05de425460d753;	mail:	phenolphthalein1009@gmail.com		.加入白名单
[2022-01-28 23:33:10][i]objectId:	602db87f286a8427b94ede75;	mail:	lyjcody@foxmail.com		.加入白名单
[2022-01-28 23:33:10][i]objectId:	6039bec2c18cab4a7d89b756;	mail:	98562953@qq.com.		加入黑名单
[2022-01-28 23:33:11][i]objectId:	6044578e4ade4d78526deaab;	mail:	ponyoung@qq.com		.加入白名单
[2022-01-28 23:33:11][i]objectId:	60572b6be061ae461cff551e;	mail:	3447851674@qq.com		.加入白名单
[2022-01-28 23:33:11][i]objectId:	60608e8d2c9df85c57427695;	mail:	6@9i3.cn		.加入白名单
[2022-01-28 23:33:11][i]objectId:	606735ba9d29e66a14fba7eb;	mail:	i@laomai.org		.加入白名单
[2022-01-28 23:33:11][i]objectId:	607a644f2b253b2882dff563;	mail:	wmz872312@163.com		.加入白名单
[2022-01-28 23:33:11][i]objectId:	607b968b0b38b842665f0dc4;	mail:	nekodeng@qq.com		.加入白名单
[2022-01-28 23:33:11][i]objectId:	6084e2d5d16468165c710cc7;	mail:	2496760896@qq.com		.加入白名单
[2022-01-28 23:33:11][i]objectId:	608606678f732d1719b8f17d;	mail:	1198168788@qq.com		.加入白名单
[2022-01-28 23:33:11][i]objectId:	608e2de540ff9c73eb413184;	mail:	youranreus@qq.com		.加入白名单
[2022-01-28 23:33:11][i]objectId:	608fb57840ff9c73eb421027;	mail:	i@wmz.link		.加入白名单
[2022-01-28 23:33:11][i]objectId:	609211229b9be32e4a489a31;	mail:	yousa2019@foxmail.com		.加入白名单
[2022-01-28 23:33:11][i]objectId:	6093fb6a40ff9c73eb446ec6;	mail:	264561803@qq.com		.加入白名单
[2022-01-28 23:33:11][i]objectId:	6096a68f9b9be32e4a4b5258;	mail:	admin@shiertx.com		.加入白名单
[2022-01-28 23:33:11][i]objectId:	60a0cad940ff9c73eb4b398a;	mail:	hurui200320@skyblond.info		.加入白名单
[2022-01-28 23:33:11][i]objectId:	60a284d79b9be32e4a518833;	mail:	w@zooo.io		.加入白名单
[2022-01-28 23:33:11][i]objectId:	60a3427240ff9c73eb4c8621;	mail:	kuangkunh@163.com		.加入白名单
[2022-01-28 23:33:11][i]objectId:	60ab020640ff9c73eb50c159;	mail:	me@thyuu.com		.加入白名单
[2022-01-28 23:33:11][i]objectId:	60aba87840ff9c73eb51361e;	mail:	i@cyris.moe		.加入白名单
[2022-01-28 23:33:11][i]objectId:	60ad0b95898a0468d7f5ca25;	mail:	i@qy.is		.加入白名单
[2022-01-28 23:33:11][i]objectId:	60b7a6d5d904461a7e0b64ff;	mail:	magmablock@qq.com		.加入白名单
[2022-01-28 23:33:11][i]objectId:	60c2dff9c7fcdb589e62941c;	mail:	woshiniuziku@gmail.com		.加入白名单
[2022-01-28 23:33:11][i]objectId:	60c6b77ffbd3a161302bd4fe;	mail:	WhitemuTeam@outlook.com		.加入白名单
[2022-01-28 23:33:11][i]objectId:	60d8922c6c65734e66e7a439;	mail:	1022508801@qq.com		.加入白名单
[2022-01-28 23:33:11][i]objectId:	60e29d10dd0bc82ed89ad4b7;	mail:	i@here.sy		.加入白名单
[2022-01-28 23:33:11][i]objectId:	60f27f05caa39b3e531fc0bc;	mail:	misakaloli@aliyun.com		.加入白名单
[2022-01-28 23:33:11][i]objectId:	60fd1dc184f0560a2bdbaa85;	mail:	hydrogenoixde@foxmail.com		.加入白名单
[2022-01-28 23:33:11][i]objectId:	60feabd384f0560a2bdc7b3c;	mail:	coremint@foxmail.com		.加入白名单
[2022-01-28 23:33:11][i]objectId:	6104933584f0560a2bfc6f46;	mail:	1529180461@qq.com.		加入黑名单
[2022-01-28 23:33:11][i]objectId:	6106679e84f0560a2bfd4fe0;	mail:	tweejjhi4016@163.com		.加入白名单
[2022-01-28 23:33:11][i]objectId:	610a325e51114048239161af;	mail:	3376516520@qq.com		.加入白名单
[2022-01-28 23:33:11][i]objectId:	6116db24f482a14ff5c36d49;	mail:	1596127831@qq.com		.加入白名单
[2022-01-28 23:33:11][i]objectId:	61172a9e13fdd160a3ba8290;	mail:	chenkid999@gmail.com		.加入白名单
[2022-01-28 23:33:11][i]objectId:	611dfb97f482a14ff5c7f32a;	mail:	i@34.ci		.加入白名单
[2022-01-28 23:33:11][i]objectId:	61205d1de2731473b2979f0a;	mail:	acgmeow@foxmail.com		.加入白名单
[2022-01-28 23:33:11][i]objectId:	6121c42aed028f2ed88c279c;	mail:	eeg1412@gmail.com		.加入白名单
[2022-01-28 23:33:11][i]objectId:	61259821ed028f2ed88dc6a9;	mail:	10086@QQ.COM.		加入黑名单
[2022-01-28 23:33:11][i]objectId:	612709c1ed028f2ed88e6988;	mail:	e1536155154@qq.com		.加入白名单
[2022-01-28 23:33:11][i]objectId:	612779cfe2731473b29b891c;	mail:	q15898699570@163.com		.加入白名单
[2022-01-28 23:33:11][i]objectId:	6131b19de2731473b2a8fc4a;	mail:	qq@qq.md		.加入白名单
[2022-01-28 23:33:11][i]objectId:	61485c066b4e797ba24ef094;	mail:	3550450738@qq.com.		加入黑名单
[2022-01-28 23:33:11][i]objectId:	614eff775e0db15b17ef896e;	mail:	zhjgtao@gmail.com		.加入白名单
[2022-01-28 23:33:11][i]objectId:	615da9d96b4e797ba25cdae6;	mail:	minbaiy@126.com		.加入白名单
[2022-01-28 23:33:11][i]objectId:	616566036b4e797ba260f3d8;	mail:	3010099292@qq.com		.加入白名单
[2022-01-28 23:33:11][i]objectId:	6173cc24a90ab5529692c8fd;	mail:	kevinishd@outlook.com		.加入白名单
[2022-01-28 23:33:11][i]objectId:	617e38e6a90ab552969b9e89;	mail:	openjian@qq.com		.加入白名单
[2022-01-28 23:33:11][i]objectId:	61930067d5b1eb115343cb95;	mail:	421450569@qq.com		.加入白名单
[2022-01-28 23:33:11][i]objectId:	61b3a024c06ec71b1f666916;	mail:	admin@licaoz.com		.加入白名单
[2022-01-28 23:33:11][i]objectId:	61c7dc74d57c540126d6de3c;	mail:	laomai@88.com		.加入白名单
[2022-01-28 23:33:11][i]objectId:	61cf1d5be2b0204a96f80243;	mail:	temple@nydiastudio.com		.加入白名单
[2022-01-28 23:33:11][i]objectId:	61d7b836e2b0204a96fb7bb6;	mail:	896522638@qq.com		.加入白名单
[2022-01-28 23:33:11][i]objectId:	61e6b3ea50c6d849018564e6;	mail:	tweejjhi016@163.com		.加入白名单
[2022-01-28 23:33:11][i]objectId:	61ed836850c6d8490187f718;	mail:	W-YI_DoctorYI@outlook.com		.加入白名单
[2022-01-28 23:33:11][i]整理已评论邮箱：完成
[2022-01-28 23:33:11][i]上传白名单	(1/75)
[2022-01-28 23:33:11][i]上传白名单	(2/75)
[2022-01-28 23:33:12][i]上传白名单	(3/75)
[2022-01-28 23:33:12][i]上传白名单	(4/75)
[2022-01-28 23:33:12][i]上传白名单	(5/75)
[2022-01-28 23:33:12][i]上传白名单	(6/75)
[2022-01-28 23:33:12][i]上传白名单	(7/75)
[2022-01-28 23:33:13][i]上传白名单	(8/75)
[2022-01-28 23:33:13][i]上传白名单	(9/75)
[2022-01-28 23:33:14][i]上传白名单	(10/75)
[2022-01-28 23:33:14][i]上传白名单	(11/75)
[2022-01-28 23:33:14][i]上传白名单	(12/75)
[2022-01-28 23:33:14][i]上传白名单	(13/75)
[2022-01-28 23:33:15][i]上传白名单	(14/75)
[2022-01-28 23:33:15][i]上传白名单	(15/75)
[2022-01-28 23:33:15][i]上传白名单	(16/75)
[2022-01-28 23:33:15][i]上传白名单	(17/75)
[2022-01-28 23:33:15][i]上传白名单	(18/75)
[2022-01-28 23:33:16][i]上传白名单	(19/75)
[2022-01-28 23:33:16][i]上传白名单	(20/75)
[2022-01-28 23:33:16][i]上传白名单	(21/75)
[2022-01-28 23:33:16][i]上传白名单	(22/75)
[2022-01-28 23:33:17][i]上传白名单	(23/75)
[2022-01-28 23:33:17][i]上传白名单	(24/75)
[2022-01-28 23:33:17][i]上传白名单	(25/75)
[2022-01-28 23:33:17][i]上传白名单	(26/75)
[2022-01-28 23:33:17][i]上传白名单	(27/75)
[2022-01-28 23:33:18][i]上传白名单	(28/75)
[2022-01-28 23:33:18][i]上传白名单	(29/75)
[2022-01-28 23:33:18][i]上传白名单	(30/75)
[2022-01-28 23:33:18][i]上传白名单	(31/75)
[2022-01-28 23:33:18][i]上传白名单	(32/75)
[2022-01-28 23:33:19][i]上传白名单	(33/75)
[2022-01-28 23:33:19][i]上传白名单	(34/75)
[2022-01-28 23:33:19][i]上传白名单	(35/75)
[2022-01-28 23:33:20][i]上传白名单	(36/75)
[2022-01-28 23:33:20][i]上传白名单	(37/75)
[2022-01-28 23:33:20][i]上传白名单	(38/75)
[2022-01-28 23:33:20][i]上传白名单	(39/75)
[2022-01-28 23:33:20][i]上传白名单	(40/75)
[2022-01-28 23:33:21][i]上传白名单	(41/75)
[2022-01-28 23:33:21][i]上传白名单	(42/75)
[2022-01-28 23:33:21][i]上传白名单	(43/75)
[2022-01-28 23:33:21][i]上传白名单	(44/75)
[2022-01-28 23:33:21][i]上传白名单	(45/75)
[2022-01-28 23:33:21][i]上传白名单	(46/75)
[2022-01-28 23:33:22][i]上传白名单	(47/75)
[2022-01-28 23:33:22][i]上传白名单	(48/75)
[2022-01-28 23:33:22][i]上传白名单	(49/75)
[2022-01-28 23:33:23][i]上传白名单	(50/75)
[2022-01-28 23:33:23][i]上传白名单	(51/75)
[2022-01-28 23:33:23][i]上传白名单	(52/75)
[2022-01-28 23:33:23][i]上传白名单	(53/75)
[2022-01-28 23:33:23][i]上传白名单	(54/75)
[2022-01-28 23:33:24][i]上传白名单	(55/75)
[2022-01-28 23:33:24][i]上传白名单	(56/75)
[2022-01-28 23:33:24][i]上传白名单	(57/75)
[2022-01-28 23:33:24][i]上传白名单	(58/75)
[2022-01-28 23:33:24][i]上传白名单	(59/75)
[2022-01-28 23:33:25][i]上传白名单	(60/75)
[2022-01-28 23:33:25][i]上传白名单	(61/75)
[2022-01-28 23:33:25][i]上传白名单	(62/75)
[2022-01-28 23:33:25][i]上传白名单	(63/75)
[2022-01-28 23:33:25][i]上传白名单	(64/75)
[2022-01-28 23:33:25][i]上传白名单	(65/75)
[2022-01-28 23:33:26][i]上传白名单	(66/75)
[2022-01-28 23:33:26][i]上传白名单	(67/75)
[2022-01-28 23:33:26][i]上传白名单	(68/75)
[2022-01-28 23:33:26][i]上传白名单	(69/75)
[2022-01-28 23:33:26][i]上传白名单	(70/75)
[2022-01-28 23:33:27][i]上传白名单	(71/75)
[2022-01-28 23:33:27][i]上传白名单	(72/75)
[2022-01-28 23:33:27][i]上传白名单	(73/75)
[2022-01-28 23:33:27][i]上传白名单	(74/75)
[2022-01-28 23:33:28][i]上传白名单	(75/75)
[2022-01-28 23:33:28][i]上传白名单	(76/75)
[2022-01-28 23:33:28][i]上传白名单	(77/75)
[2022-01-28 23:33:28][i]上传白名单	(78/75)
[2022-01-28 23:33:29][i]上传白名单	(79/75)
[2022-01-28 23:33:29][i]上传白名单	(80/75)
[2022-01-28 23:33:29][i]上传白名单	(81/75)
[2022-01-28 23:33:54][i]LWAR alpha v.202201281751
[2022-01-28 23:33:54][i](C) 2022 非科学の河童, All Rights Reserved
[2022-01-28 23:33:54][i]遵循GPLv2许可证分发
[2022-01-28 23:33:54]<!>
        ####################
        # 此程序不含担保！ #
        ####################
[2022-01-28 23:33:57][i]整理已评论邮箱：开始
[2022-01-28 23:33:57][i]objectId:	5f49b5665c188a00084174c7;	mail:	vensing@foxmail.com		.加入白名单
[2022-01-28 23:33:57][i]objectId:	5f4c73025c188a00084257c5;	mail:	me@chanshiyu.com		.加入白名单
[2022-01-28 23:33:57][i]objectId:	5f4d1820ddf36600062da3bb;	mail:	polarws@qq.com		.加入白名单
[2022-01-28 23:33:57][i]objectId:	5f4fce24b369be6830173f76;	mail:	kawashiroryofu@gmail.com		.加入白名单
[2022-01-28 23:33:57][i]objectId:	5f547bf49d82053001f73b85;	mail:	blackguwc@163.com		.加入白名单
[2022-01-28 23:33:57][i]objectId:	5f59d666bbc96c658cc6eed7;	mail:	xiaobaomy123@qq.com		.加入白名单
[2022-01-28 23:33:57][i]objectId:	5f5c5c43bbc96c658cc7e711;	mail:	stkoala233@gmail.com		.加入白名单
[2022-01-28 23:33:57][i]objectId:	5f65d42b17d94f6ebb3fed86;	mail:	gm@xiaolfeng.cn		.加入白名单
[2022-01-28 23:33:57][i]objectId:	5f78477095e50238f1244919;	mail:	xty@2broear.com		.加入白名单
[2022-01-28 23:33:57][i]objectId:	5f8493f48df73f05fdd8af05;	mail:	me@yunyoujun.cn		.加入白名单
[2022-01-28 23:33:57][i]objectId:	5f946188d47c5a4bea90594d;	mail:	stardust@fspark.me		.加入白名单
[2022-01-28 23:33:57][i]objectId:	5f9fb94f9d984e4a5fd0d5e7;	mail:	i@flandrescarlet.cn		.加入白名单
[2022-01-28 23:33:57][i]objectId:	5fae7baabd3b963a9277aebe;	mail:	i@xyz1024.xyz		.加入白名单
[2022-01-28 23:33:57][i]objectId:	5fb5b9418ddca50cedc90da4;	mail:	hongcyu@qq.com		.加入白名单
[2022-01-28 23:33:57][i]objectId:	5fb66d6512763367a1e1349c;	mail:	badremilia@foxmail.com		.加入白名单
[2022-01-28 23:33:57][i]objectId:	5fc23d0ced2e611747f66e1a;	mail:	nicebowl@foxmail.com		.加入白名单
[2022-01-28 23:33:57][i]objectId:	5fe755a57b936022ab85aacf;	mail:	bil@xydida.com		.加入白名单
[2022-01-28 23:33:57][i]objectId:	5fee75414f2ead6c4f3cb352;	mail:	sakura@yuuiki.cn		.加入白名单
[2022-01-28 23:33:57][i]objectId:	5feeca011f743b315a218a89;	mail:	gm@x-lf.cn		.加入白名单
[2022-01-28 23:33:57][i]objectId:	5ff9fb777d64400b9179c106;	mail:	212790560@qq.com		.加入白名单
[2022-01-28 23:33:58][i]objectId:	5ffaa0904840865f26d1db98;	mail:	15010033005@163.com		.加入白名单
[2022-01-28 23:33:58][i]objectId:	6003a79b5582f5630f01a3f0;	mail:	123456@qq.com.		加入黑名单
[2022-01-28 23:33:58][i]objectId:	60054d225582f5630f021a8c;	mail:	liukaijun@0lbo.cn		.加入白名单
[2022-01-28 23:33:58][i]objectId:	600f7ec7ddc460165b4c3554;	mail:	8629563@qq.com.		加入黑名单
[2022-01-28 23:33:58][i]objectId:	6010b922ddc460165b4c96e8;	mail:	ztstillwater@protonmail.com		.加入白名单
[2022-01-28 23:33:58][i]objectId:	601f67c09c05de42545c8029;	mail:	wmz872311@163.com		.加入白名单
[2022-01-28 23:33:58][i]objectId:	602cf3799c05de425460d753;	mail:	phenolphthalein1009@gmail.com		.加入白名单
[2022-01-28 23:33:58][i]objectId:	602db87f286a8427b94ede75;	mail:	lyjcody@foxmail.com		.加入白名单
[2022-01-28 23:33:58][i]objectId:	6039bec2c18cab4a7d89b756;	mail:	98562953@qq.com.		加入黑名单
[2022-01-28 23:33:58][i]objectId:	6044578e4ade4d78526deaab;	mail:	ponyoung@qq.com		.加入白名单
[2022-01-28 23:33:58][i]objectId:	60572b6be061ae461cff551e;	mail:	3447851674@qq.com		.加入白名单
[2022-01-28 23:33:58][i]objectId:	60608e8d2c9df85c57427695;	mail:	6@9i3.cn		.加入白名单
[2022-01-28 23:33:58][i]objectId:	606735ba9d29e66a14fba7eb;	mail:	i@laomai.org		.加入白名单
[2022-01-28 23:33:58][i]objectId:	607a644f2b253b2882dff563;	mail:	wmz872312@163.com		.加入白名单
[2022-01-28 23:33:58][i]objectId:	607b968b0b38b842665f0dc4;	mail:	nekodeng@qq.com		.加入白名单
[2022-01-28 23:33:58][i]objectId:	6084e2d5d16468165c710cc7;	mail:	2496760896@qq.com		.加入白名单
[2022-01-28 23:33:58][i]objectId:	608606678f732d1719b8f17d;	mail:	1198168788@qq.com		.加入白名单
[2022-01-28 23:33:58][i]objectId:	608e2de540ff9c73eb413184;	mail:	youranreus@qq.com		.加入白名单
[2022-01-28 23:33:58][i]objectId:	608fb57840ff9c73eb421027;	mail:	i@wmz.link		.加入白名单
[2022-01-28 23:33:58][i]objectId:	609211229b9be32e4a489a31;	mail:	yousa2019@foxmail.com		.加入白名单
[2022-01-28 23:33:58][i]objectId:	6093fb6a40ff9c73eb446ec6;	mail:	264561803@qq.com		.加入白名单
[2022-01-28 23:33:58][i]objectId:	6096a68f9b9be32e4a4b5258;	mail:	admin@shiertx.com		.加入白名单
[2022-01-28 23:33:58][i]objectId:	60a0cad940ff9c73eb4b398a;	mail:	hurui200320@skyblond.info		.加入白名单
[2022-01-28 23:33:58][i]objectId:	60a284d79b9be32e4a518833;	mail:	w@zooo.io		.加入白名单
[2022-01-28 23:33:58][i]objectId:	60a3427240ff9c73eb4c8621;	mail:	kuangkunh@163.com		.加入白名单
[2022-01-28 23:33:58][i]objectId:	60ab020640ff9c73eb50c159;	mail:	me@thyuu.com		.加入白名单
[2022-01-28 23:33:58][i]objectId:	60aba87840ff9c73eb51361e;	mail:	i@cyris.moe		.加入白名单
[2022-01-28 23:33:58][i]objectId:	60ad0b95898a0468d7f5ca25;	mail:	i@qy.is		.加入白名单
[2022-01-28 23:33:58][i]objectId:	60b7a6d5d904461a7e0b64ff;	mail:	magmablock@qq.com		.加入白名单
[2022-01-28 23:34:00][i]LWAR alpha v.202201281751
[2022-01-28 23:34:00][i](C) 2022 非科学の河童, All Rights Reserved
[2022-01-28 23:34:00][i]遵循GPLv2许可证分发
[2022-01-28 23:34:00]<!>
        ####################
        # 此程序不含担保！ #
        ####################
[2022-01-28 23:34:07][i]整理已评论邮箱：开始
[2022-01-28 23:34:07][i]objectId:	5f49b5665c188a00084174c7;	mail:	vensing@foxmail.com		.加入白名单
[2022-01-28 23:34:07][i]objectId:	5f4c73025c188a00084257c5;	mail:	me@chanshiyu.com		.加入白名单
[2022-01-28 23:34:07][i]objectId:	5f4d1820ddf36600062da3bb;	mail:	polarws@qq.com		.加入白名单
[2022-01-28 23:34:07][i]objectId:	5f4fce24b369be6830173f76;	mail:	kawashiroryofu@gmail.com		.加入白名单
[2022-01-28 23:34:07][i]objectId:	5f547bf49d82053001f73b85;	mail:	blackguwc@163.com		.加入白名单
[2022-01-28 23:34:07][i]objectId:	5f59d666bbc96c658cc6eed7;	mail:	xiaobaomy123@qq.com		.加入白名单
[2022-01-28 23:34:07][i]objectId:	5f5c5c43bbc96c658cc7e711;	mail:	stkoala233@gmail.com		.加入白名单
[2022-01-28 23:34:07][i]objectId:	5f65d42b17d94f6ebb3fed86;	mail:	gm@xiaolfeng.cn		.加入白名单
[2022-01-28 23:34:07][i]objectId:	5f78477095e50238f1244919;	mail:	xty@2broear.com		.加入白名单
[2022-01-28 23:34:07][i]objectId:	5f8493f48df73f05fdd8af05;	mail:	me@yunyoujun.cn		.加入白名单
[2022-01-28 23:34:07][i]objectId:	5f946188d47c5a4bea90594d;	mail:	stardust@fspark.me		.加入白名单
[2022-01-28 23:34:07][i]objectId:	5f9fb94f9d984e4a5fd0d5e7;	mail:	i@flandrescarlet.cn		.加入白名单
[2022-01-28 23:34:07][i]objectId:	5fae7baabd3b963a9277aebe;	mail:	i@xyz1024.xyz		.加入白名单
[2022-01-28 23:34:07][i]objectId:	5fb5b9418ddca50cedc90da4;	mail:	hongcyu@qq.com		.加入白名单
[2022-01-28 23:34:07][i]objectId:	5fb66d6512763367a1e1349c;	mail:	badremilia@foxmail.com		.加入白名单
[2022-01-28 23:34:07][i]objectId:	5fc23d0ced2e611747f66e1a;	mail:	nicebowl@foxmail.com		.加入白名单
[2022-01-28 23:34:07][i]objectId:	5fe755a57b936022ab85aacf;	mail:	bil@xydida.com		.加入白名单
[2022-01-28 23:34:07][i]objectId:	5fee75414f2ead6c4f3cb352;	mail:	sakura@yuuiki.cn		.加入白名单
[2022-01-28 23:34:07][i]objectId:	5feeca011f743b315a218a89;	mail:	gm@x-lf.cn		.加入白名单
[2022-01-28 23:34:07][i]objectId:	5ff9fb777d64400b9179c106;	mail:	212790560@qq.com		.加入白名单
[2022-01-28 23:34:07][i]objectId:	5ffaa0904840865f26d1db98;	mail:	15010033005@163.com		.加入白名单
[2022-01-28 23:34:07][i]objectId:	6003a79b5582f5630f01a3f0;	mail:	123456@qq.com.		加入黑名单
[2022-01-28 23:34:07][i]objectId:	60054d225582f5630f021a8c;	mail:	liukaijun@0lbo.cn		.加入白名单
[2022-01-28 23:34:07][i]objectId:	600f7ec7ddc460165b4c3554;	mail:	8629563@qq.com.		加入黑名单
[2022-01-28 23:34:07][i]objectId:	6010b922ddc460165b4c96e8;	mail:	ztstillwater@protonmail.com		.加入白名单
[2022-01-28 23:34:07][i]objectId:	601f67c09c05de42545c8029;	mail:	wmz872311@163.com		.加入白名单
[2022-01-28 23:34:07][i]objectId:	602cf3799c05de425460d753;	mail:	phenolphthalein1009@gmail.com		.加入白名单
[2022-01-28 23:34:07][i]objectId:	602db87f286a8427b94ede75;	mail:	lyjcody@foxmail.com		.加入白名单
[2022-01-28 23:34:07][i]objectId:	6039bec2c18cab4a7d89b756;	mail:	98562953@qq.com.		加入黑名单
[2022-01-28 23:34:07][i]objectId:	6044578e4ade4d78526deaab;	mail:	ponyoung@qq.com		.加入白名单
[2022-01-28 23:34:07][i]objectId:	60572b6be061ae461cff551e;	mail:	3447851674@qq.com		.加入白名单
[2022-01-28 23:34:07][i]objectId:	60608e8d2c9df85c57427695;	mail:	6@9i3.cn		.加入白名单
[2022-01-28 23:34:07][i]objectId:	606735ba9d29e66a14fba7eb;	mail:	i@laomai.org		.加入白名单
[2022-01-28 23:34:07][i]objectId:	607a644f2b253b2882dff563;	mail:	wmz872312@163.com		.加入白名单
[2022-01-28 23:34:07][i]objectId:	607b968b0b38b842665f0dc4;	mail:	nekodeng@qq.com		.加入白名单
[2022-01-28 23:34:07][i]objectId:	6084e2d5d16468165c710cc7;	mail:	2496760896@qq.com		.加入白名单
[2022-01-28 23:34:07][i]objectId:	608606678f732d1719b8f17d;	mail:	1198168788@qq.com		.加入白名单
[2022-01-28 23:34:07][i]objectId:	608e2de540ff9c73eb413184;	mail:	youranreus@qq.com		.加入白名单
[2022-01-28 23:34:07][i]objectId:	608fb57840ff9c73eb421027;	mail:	i@wmz.link		.加入白名单
[2022-01-28 23:34:07][i]objectId:	609211229b9be32e4a489a31;	mail:	yousa2019@foxmail.com		.加入白名单
[2022-01-28 23:34:07][i]objectId:	6093fb6a40ff9c73eb446ec6;	mail:	264561803@qq.com		.加入白名单
[2022-01-28 23:34:07][i]objectId:	6096a68f9b9be32e4a4b5258;	mail:	admin@shiertx.com		.加入白名单
[2022-01-28 23:34:07][i]objectId:	60a0cad940ff9c73eb4b398a;	mail:	hurui200320@skyblond.info		.加入白名单
[2022-01-28 23:34:07][i]objectId:	60a284d79b9be32e4a518833;	mail:	w@zooo.io		.加入白名单
[2022-01-28 23:34:07][i]objectId:	60a3427240ff9c73eb4c8621;	mail:	kuangkunh@163.com		.加入白名单
[2022-01-28 23:34:07][i]objectId:	60ab020640ff9c73eb50c159;	mail:	me@thyuu.com		.加入白名单
[2022-01-28 23:34:07][i]objectId:	60aba87840ff9c73eb51361e;	mail:	i@cyris.moe		.加入白名单
[2022-01-28 23:34:07][i]objectId:	60ad0b95898a0468d7f5ca25;	mail:	i@qy.is		.加入白名单
[2022-01-28 23:34:07][i]objectId:	60b7a6d5d904461a7e0b64ff;	mail:	magmablock@qq.com		.加入白名单
[2022-01-28 23:34:07][i]objectId:	60c2dff9c7fcdb589e62941c;	mail:	woshiniuziku@gmail.com		.加入白名单
[2022-01-28 23:34:07][i]objectId:	60c6b77ffbd3a161302bd4fe;	mail:	WhitemuTeam@outlook.com		.加入白名单
[2022-01-28 23:34:07][i]objectId:	60d8922c6c65734e66e7a439;	mail:	1022508801@qq.com		.加入白名单
[2022-01-28 23:34:07][i]objectId:	60e29d10dd0bc82ed89ad4b7;	mail:	i@here.sy		.加入白名单
[2022-01-28 23:34:07][i]objectId:	60f27f05caa39b3e531fc0bc;	mail:	misakaloli@aliyun.com		.加入白名单
[2022-01-28 23:34:07][i]objectId:	60fd1dc184f0560a2bdbaa85;	mail:	hydrogenoixde@foxmail.com		.加入白名单
[2022-01-28 23:34:08][i]objectId:	60feabd384f0560a2bdc7b3c;	mail:	coremint@foxmail.com		.加入白名单
[2022-01-28 23:34:08][i]objectId:	6104933584f0560a2bfc6f46;	mail:	1529180461@qq.com.		加入黑名单
[2022-01-28 23:34:08][i]objectId:	6106679e84f0560a2bfd4fe0;	mail:	tweejjhi4016@163.com		.加入白名单
[2022-01-28 23:34:08][i]objectId:	610a325e51114048239161af;	mail:	3376516520@qq.com		.加入白名单
[2022-01-28 23:34:08][i]objectId:	6116db24f482a14ff5c36d49;	mail:	1596127831@qq.com		.加入白名单
[2022-01-28 23:34:08][i]objectId:	61172a9e13fdd160a3ba8290;	mail:	chenkid999@gmail.com		.加入白名单
[2022-01-28 23:34:08][i]objectId:	611dfb97f482a14ff5c7f32a;	mail:	i@34.ci		.加入白名单
[2022-01-28 23:34:08][i]objectId:	61205d1de2731473b2979f0a;	mail:	acgmeow@foxmail.com		.加入白名单
[2022-01-28 23:34:08][i]objectId:	6121c42aed028f2ed88c279c;	mail:	eeg1412@gmail.com		.加入白名单
[2022-01-28 23:34:08][i]objectId:	61259821ed028f2ed88dc6a9;	mail:	10086@QQ.COM.		加入黑名单
[2022-01-28 23:34:08][i]objectId:	612709c1ed028f2ed88e6988;	mail:	e1536155154@qq.com		.加入白名单
[2022-01-28 23:34:08][i]objectId:	612779cfe2731473b29b891c;	mail:	q15898699570@163.com		.加入白名单
[2022-01-28 23:34:08][i]objectId:	6131b19de2731473b2a8fc4a;	mail:	qq@qq.md		.加入白名单
[2022-01-28 23:34:08][i]objectId:	61485c066b4e797ba24ef094;	mail:	3550450738@qq.com.		加入黑名单
[2022-01-28 23:34:08][i]objectId:	614eff775e0db15b17ef896e;	mail:	zhjgtao@gmail.com		.加入白名单
[2022-01-28 23:34:08][i]objectId:	615da9d96b4e797ba25cdae6;	mail:	minbaiy@126.com		.加入白名单
[2022-01-28 23:34:08][i]objectId:	616566036b4e797ba260f3d8;	mail:	3010099292@qq.com		.加入白名单
[2022-01-28 23:34:08][i]objectId:	6173cc24a90ab5529692c8fd;	mail:	kevinishd@outlook.com		.加入白名单
[2022-01-28 23:34:08][i]objectId:	617e38e6a90ab552969b9e89;	mail:	openjian@qq.com		.加入白名单
[2022-01-28 23:34:08][i]objectId:	61930067d5b1eb115343cb95;	mail:	421450569@qq.com		.加入白名单
[2022-01-28 23:34:08][i]objectId:	61b3a024c06ec71b1f666916;	mail:	admin@licaoz.com		.加入白名单
[2022-01-28 23:34:08][i]objectId:	61c7dc74d57c540126d6de3c;	mail:	laomai@88.com		.加入白名单
[2022-01-28 23:34:08][i]objectId:	61cf1d5be2b0204a96f80243;	mail:	temple@nydiastudio.com		.加入白名单
[2022-01-28 23:34:08][i]objectId:	61d7b836e2b0204a96fb7bb6;	mail:	896522638@qq.com		.加入白名单
[2022-01-28 23:34:08][i]objectId:	61e6b3ea50c6d849018564e6;	mail:	tweejjhi016@163.com		.加入白名单
[2022-01-28 23:34:08][i]objectId:	61ed836850c6d8490187f718;	mail:	W-YI_DoctorYI@outlook.com		.加入白名单
[2022-01-28 23:34:08][i]整理已评论邮箱：完成
[2022-01-28 23:34:08][i]上传白名单	(1/75)
[2022-01-28 23:34:09][i]上传白名单	(2/75)
[2022-01-28 23:34:09][i]上传白名单	(3/75)
[2022-01-28 23:34:09][i]上传白名单	(4/75)
[2022-01-28 23:34:09][i]上传白名单	(5/75)
[2022-01-28 23:34:09][i]上传白名单	(6/75)
[2022-01-28 23:34:10][i]上传白名单	(7/75)
[2022-01-28 23:34:10][i]上传白名单	(8/75)
[2022-01-28 23:34:14][i]上传白名单	(9/75)
[2022-01-28 23:34:14][i]上传白名单	(10/75)
[2022-01-28 23:34:14][i]上传白名单	(11/75)
[2022-01-28 23:34:15][i]上传白名单	(12/75)
[2022-01-28 23:34:15][i]上传白名单	(13/75)
[2022-01-28 23:34:15][i]上传白名单	(14/75)
[2022-01-28 23:34:15][i]上传白名单	(15/75)
[2022-01-28 23:34:15][i]上传白名单	(16/75)
[2022-01-28 23:34:16][i]上传白名单	(17/75)
[2022-01-28 23:34:16][i]上传白名单	(18/75)
[2022-01-28 23:34:16][i]上传白名单	(19/75)
[2022-01-28 23:34:16][i]上传白名单	(20/75)
[2022-01-28 23:34:17][i]上传白名单	(21/75)
[2022-01-28 23:34:17][i]上传白名单	(22/75)
[2022-01-28 23:34:17][i]上传白名单	(23/75)
[2022-01-28 23:34:17][i]上传白名单	(24/75)
[2022-01-28 23:34:17][i]上传白名单	(25/75)
[2022-01-28 23:34:18][i]上传白名单	(26/75)
[2022-01-28 23:34:18][i]上传白名单	(27/75)
[2022-01-28 23:34:18][i]上传白名单	(28/75)
[2022-01-28 23:34:18][i]上传白名单	(29/75)
[2022-01-28 23:34:19][i]上传白名单	(30/75)
[2022-01-28 23:34:19][i]上传白名单	(31/75)
[2022-01-28 23:34:19][i]上传白名单	(32/75)
[2022-01-28 23:34:19][i]上传白名单	(33/75)
[2022-01-28 23:34:20][i]上传白名单	(34/75)
[2022-01-28 23:34:20][i]上传白名单	(35/75)
[2022-01-28 23:34:20][i]上传白名单	(36/75)
[2022-01-28 23:34:21][i]上传白名单	(37/75)
[2022-01-28 23:34:21][i]上传白名单	(38/75)
[2022-01-28 23:34:21][i]上传白名单	(39/75)
[2022-01-28 23:34:21][i]上传白名单	(40/75)
[2022-01-28 23:34:22][i]上传白名单	(41/75)
[2022-01-28 23:34:22][i]上传白名单	(42/75)
[2022-01-28 23:34:22][i]上传白名单	(43/75)
[2022-01-28 23:34:22][i]上传白名单	(44/75)
[2022-01-28 23:34:23][i]上传白名单	(45/75)
[2022-01-28 23:34:23][i]上传白名单	(46/75)
[2022-01-28 23:34:23][i]上传白名单	(47/75)
[2022-01-28 23:34:24][i]上传白名单	(48/75)
[2022-01-28 23:34:25][i]上传白名单	(49/75)
[2022-01-28 23:34:25][i]上传白名单	(50/75)
[2022-01-28 23:34:25][i]上传白名单	(51/75)
[2022-01-28 23:34:25][i]上传白名单	(52/75)
[2022-01-28 23:34:26][i]上传白名单	(53/75)
[2022-01-28 23:34:26][i]上传白名单	(54/75)
[2022-01-28 23:34:26][i]上传白名单	(55/75)
[2022-01-28 23:34:26][i]上传白名单	(56/75)
[2022-01-28 23:34:27][i]上传白名单	(57/75)
[2022-01-28 23:34:27][i]上传白名单	(58/75)
[2022-01-28 23:34:27][i]上传白名单	(59/75)
[2022-01-28 23:34:28][i]上传白名单	(60/75)
[2022-01-28 23:34:28][i]上传白名单	(61/75)
[2022-01-28 23:34:28][i]上传白名单	(62/75)
[2022-01-28 23:34:28][i]上传白名单	(63/75)
[2022-01-28 23:34:29][i]上传白名单	(64/75)
[2022-01-28 23:34:29][i]上传白名单	(65/75)
[2022-01-28 23:34:29][i]上传白名单	(66/75)
[2022-01-28 23:34:30][i]上传白名单	(67/75)
[2022-01-28 23:34:30][i]上传白名单	(68/75)
[2022-01-28 23:34:31][i]上传白名单	(69/75)
[2022-01-28 23:34:31][i]上传白名单	(70/75)
[2022-01-28 23:34:31][i]上传白名单	(71/75)
[2022-01-28 23:34:31][i]上传白名单	(72/75)
[2022-01-28 23:34:32][i]上传白名单	(73/75)
[2022-01-28 23:34:33][i]上传白名单	(74/75)
[2022-01-28 23:34:33][i]上传白名单	(75/75)
[2022-01-28 23:34:33][i]name 'blacklist' is not defined
[2022-01-28 23:39:07][i]LWAR alpha v.202201281751
[2022-01-28 23:39:07][i](C) 2022 非科学の河童, All Rights Reserved
[2022-01-28 23:39:07][i]遵循GPLv2许可证分发
[2022-01-28 23:39:07]<!>
        ####################
        # 此程序不含担保！ #
        ####################
[2022-01-28 23:39:11][i]整理已评论邮箱：开始
[2022-01-28 23:39:11][i]objectId:	5f49b5665c188a00084174c7;	mail:	vensing@foxmail.com		.加入白名单
[2022-01-28 23:39:11][i]objectId:	5f4c73025c188a00084257c5;	mail:	me@chanshiyu.com		.加入白名单
[2022-01-28 23:39:11][i]objectId:	5f4d1820ddf36600062da3bb;	mail:	polarws@qq.com		.加入白名单
[2022-01-28 23:39:11][i]objectId:	5f4fce24b369be6830173f76;	mail:	kawashiroryofu@gmail.com		.加入白名单
[2022-01-28 23:39:11][i]objectId:	5f547bf49d82053001f73b85;	mail:	blackguwc@163.com		.加入白名单
[2022-01-28 23:39:11][i]objectId:	5f59d666bbc96c658cc6eed7;	mail:	xiaobaomy123@qq.com		.加入白名单
[2022-01-28 23:39:11][i]objectId:	5f5c5c43bbc96c658cc7e711;	mail:	stkoala233@gmail.com		.加入白名单
[2022-01-28 23:39:11][i]objectId:	5f65d42b17d94f6ebb3fed86;	mail:	gm@xiaolfeng.cn		.加入白名单
[2022-01-28 23:39:11][i]objectId:	5f78477095e50238f1244919;	mail:	xty@2broear.com		.加入白名单
[2022-01-28 23:39:11][i]objectId:	5f8493f48df73f05fdd8af05;	mail:	me@yunyoujun.cn		.加入白名单
[2022-01-28 23:39:11][i]objectId:	5f946188d47c5a4bea90594d;	mail:	stardust@fspark.me		.加入白名单
[2022-01-28 23:39:11][i]objectId:	5f9fb94f9d984e4a5fd0d5e7;	mail:	i@flandrescarlet.cn		.加入白名单
[2022-01-28 23:39:11][i]objectId:	5fae7baabd3b963a9277aebe;	mail:	i@xyz1024.xyz		.加入白名单
[2022-01-28 23:39:11][i]objectId:	5fb5b9418ddca50cedc90da4;	mail:	hongcyu@qq.com		.加入白名单
[2022-01-28 23:39:11][i]objectId:	5fb66d6512763367a1e1349c;	mail:	badremilia@foxmail.com		.加入白名单
[2022-01-28 23:39:11][i]objectId:	5fc23d0ced2e611747f66e1a;	mail:	nicebowl@foxmail.com		.加入白名单
[2022-01-28 23:39:11][i]objectId:	5fe755a57b936022ab85aacf;	mail:	bil@xydida.com		.加入白名单
[2022-01-28 23:39:11][i]objectId:	5fee75414f2ead6c4f3cb352;	mail:	sakura@yuuiki.cn		.加入白名单
[2022-01-28 23:39:11][i]objectId:	5feeca011f743b315a218a89;	mail:	gm@x-lf.cn		.加入白名单
[2022-01-28 23:39:11][i]objectId:	5ff9fb777d64400b9179c106;	mail:	212790560@qq.com		.加入白名单
[2022-01-28 23:39:11][i]objectId:	5ffaa0904840865f26d1db98;	mail:	15010033005@163.com		.加入白名单
[2022-01-28 23:39:11][i]objectId:	6003a79b5582f5630f01a3f0;	mail:	123456@qq.com.		加入黑名单
[2022-01-28 23:39:11][i]objectId:	60054d225582f5630f021a8c;	mail:	liukaijun@0lbo.cn		.加入白名单
[2022-01-28 23:39:11][i]objectId:	600f7ec7ddc460165b4c3554;	mail:	8629563@qq.com.		加入黑名单
[2022-01-28 23:39:11][i]objectId:	6010b922ddc460165b4c96e8;	mail:	ztstillwater@protonmail.com		.加入白名单
[2022-01-28 23:39:11][i]objectId:	601f67c09c05de42545c8029;	mail:	wmz872311@163.com		.加入白名单
[2022-01-28 23:39:11][i]objectId:	602cf3799c05de425460d753;	mail:	phenolphthalein1009@gmail.com		.加入白名单
[2022-01-28 23:39:11][i]objectId:	602db87f286a8427b94ede75;	mail:	lyjcody@foxmail.com		.加入白名单
[2022-01-28 23:39:11][i]objectId:	6039bec2c18cab4a7d89b756;	mail:	98562953@qq.com.		加入黑名单
[2022-01-28 23:39:11][i]objectId:	6044578e4ade4d78526deaab;	mail:	ponyoung@qq.com		.加入白名单
[2022-01-28 23:39:11][i]objectId:	60572b6be061ae461cff551e;	mail:	3447851674@qq.com		.加入白名单
[2022-01-28 23:39:11][i]objectId:	60608e8d2c9df85c57427695;	mail:	6@9i3.cn		.加入白名单
[2022-01-28 23:39:11][i]objectId:	606735ba9d29e66a14fba7eb;	mail:	i@laomai.org		.加入白名单
[2022-01-28 23:39:11][i]objectId:	607a644f2b253b2882dff563;	mail:	wmz872312@163.com		.加入白名单
[2022-01-28 23:39:11][i]objectId:	607b968b0b38b842665f0dc4;	mail:	nekodeng@qq.com		.加入白名单
[2022-01-28 23:39:11][i]objectId:	6084e2d5d16468165c710cc7;	mail:	2496760896@qq.com		.加入白名单
[2022-01-28 23:39:11][i]objectId:	608606678f732d1719b8f17d;	mail:	1198168788@qq.com		.加入白名单
[2022-01-28 23:39:11][i]objectId:	608e2de540ff9c73eb413184;	mail:	youranreus@qq.com		.加入白名单
[2022-01-28 23:39:11][i]objectId:	608fb57840ff9c73eb421027;	mail:	i@wmz.link		.加入白名单
[2022-01-28 23:39:11][i]objectId:	609211229b9be32e4a489a31;	mail:	yousa2019@foxmail.com		.加入白名单
[2022-01-28 23:39:11][i]objectId:	6093fb6a40ff9c73eb446ec6;	mail:	264561803@qq.com		.加入白名单
[2022-01-28 23:39:11][i]objectId:	6096a68f9b9be32e4a4b5258;	mail:	admin@shiertx.com		.加入白名单
[2022-01-28 23:39:11][i]objectId:	60a0cad940ff9c73eb4b398a;	mail:	hurui200320@skyblond.info		.加入白名单
[2022-01-28 23:39:11][i]objectId:	60a284d79b9be32e4a518833;	mail:	w@zooo.io		.加入白名单
[2022-01-28 23:39:11][i]objectId:	60a3427240ff9c73eb4c8621;	mail:	kuangkunh@163.com		.加入白名单
[2022-01-28 23:39:11][i]objectId:	60ab020640ff9c73eb50c159;	mail:	me@thyuu.com		.加入白名单
[2022-01-28 23:39:11][i]objectId:	60aba87840ff9c73eb51361e;	mail:	i@cyris.moe		.加入白名单
[2022-01-28 23:39:11][i]objectId:	60ad0b95898a0468d7f5ca25;	mail:	i@qy.is		.加入白名单
[2022-01-28 23:39:11][i]objectId:	60b7a6d5d904461a7e0b64ff;	mail:	magmablock@qq.com		.加入白名单
[2022-01-28 23:39:11][i]objectId:	60c2dff9c7fcdb589e62941c;	mail:	woshiniuziku@gmail.com		.加入白名单
[2022-01-28 23:39:11][i]objectId:	60c6b77ffbd3a161302bd4fe;	mail:	WhitemuTeam@outlook.com		.加入白名单
[2022-01-28 23:39:11][i]objectId:	60d8922c6c65734e66e7a439;	mail:	1022508801@qq.com		.加入白名单
[2022-01-28 23:39:11][i]objectId:	60e29d10dd0bc82ed89ad4b7;	mail:	i@here.sy		.加入白名单
[2022-01-28 23:39:11][i]objectId:	60f27f05caa39b3e531fc0bc;	mail:	misakaloli@aliyun.com		.加入白名单
[2022-01-28 23:39:11][i]objectId:	60fd1dc184f0560a2bdbaa85;	mail:	hydrogenoixde@foxmail.com		.加入白名单
[2022-01-28 23:39:11][i]objectId:	60feabd384f0560a2bdc7b3c;	mail:	coremint@foxmail.com		.加入白名单
[2022-01-28 23:39:11][i]objectId:	6104933584f0560a2bfc6f46;	mail:	1529180461@qq.com.		加入黑名单
[2022-01-28 23:39:11][i]objectId:	6106679e84f0560a2bfd4fe0;	mail:	tweejjhi4016@163.com		.加入白名单
[2022-01-28 23:39:11][i]objectId:	610a325e51114048239161af;	mail:	3376516520@qq.com		.加入白名单
[2022-01-28 23:39:11][i]objectId:	6116db24f482a14ff5c36d49;	mail:	1596127831@qq.com		.加入白名单
[2022-01-28 23:39:11][i]objectId:	61172a9e13fdd160a3ba8290;	mail:	chenkid999@gmail.com		.加入白名单
[2022-01-28 23:39:11][i]objectId:	611dfb97f482a14ff5c7f32a;	mail:	i@34.ci		.加入白名单
[2022-01-28 23:39:11][i]objectId:	61205d1de2731473b2979f0a;	mail:	acgmeow@foxmail.com		.加入白名单
[2022-01-28 23:39:11][i]objectId:	6121c42aed028f2ed88c279c;	mail:	eeg1412@gmail.com		.加入白名单
[2022-01-28 23:39:11][i]objectId:	61259821ed028f2ed88dc6a9;	mail:	10086@QQ.COM.		加入黑名单
[2022-01-28 23:39:11][i]objectId:	612709c1ed028f2ed88e6988;	mail:	e1536155154@qq.com		.加入白名单
[2022-01-28 23:39:11][i]objectId:	612779cfe2731473b29b891c;	mail:	q15898699570@163.com		.加入白名单
[2022-01-28 23:39:11][i]objectId:	6131b19de2731473b2a8fc4a;	mail:	qq@qq.md		.加入白名单
[2022-01-28 23:39:11][i]objectId:	61485c066b4e797ba24ef094;	mail:	3550450738@qq.com.		加入黑名单
[2022-01-28 23:39:11][i]objectId:	614eff775e0db15b17ef896e;	mail:	zhjgtao@gmail.com		.加入白名单
[2022-01-28 23:39:11][i]objectId:	615da9d96b4e797ba25cdae6;	mail:	minbaiy@126.com		.加入白名单
[2022-01-28 23:39:11][i]objectId:	616566036b4e797ba260f3d8;	mail:	3010099292@qq.com		.加入白名单
[2022-01-28 23:39:11][i]objectId:	6173cc24a90ab5529692c8fd;	mail:	kevinishd@outlook.com		.加入白名单
[2022-01-28 23:39:11][i]objectId:	617e38e6a90ab552969b9e89;	mail:	openjian@qq.com		.加入白名单
[2022-01-28 23:39:11][i]objectId:	61930067d5b1eb115343cb95;	mail:	421450569@qq.com		.加入白名单
[2022-01-28 23:39:11][i]objectId:	61b3a024c06ec71b1f666916;	mail:	admin@licaoz.com		.加入白名单
[2022-01-28 23:39:11][i]objectId:	61c7dc74d57c540126d6de3c;	mail:	laomai@88.com		.加入白名单
[2022-01-28 23:39:11][i]objectId:	61cf1d5be2b0204a96f80243;	mail:	temple@nydiastudio.com		.加入白名单
[2022-01-28 23:39:11][i]objectId:	61d7b836e2b0204a96fb7bb6;	mail:	896522638@qq.com		.加入白名单
[2022-01-28 23:39:11][i]objectId:	61e6b3ea50c6d849018564e6;	mail:	tweejjhi016@163.com		.加入白名单
[2022-01-28 23:39:11][i]objectId:	61ed836850c6d8490187f718;	mail:	W-YI_DoctorYI@outlook.com		.加入白名单
[2022-01-28 23:39:11][i]整理已评论邮箱：完成
[2022-01-28 23:39:12][i]上传白名单	(1/75)
[2022-01-28 23:39:12][i]上传白名单	(2/75)
[2022-01-28 23:39:13][i]上传白名单	(3/75)
[2022-01-28 23:39:13][i]上传白名单	(4/75)
[2022-01-28 23:39:14][i]上传白名单	(5/75)
[2022-01-28 23:39:14][i]上传白名单	(6/75)
[2022-01-28 23:39:14][i]上传白名单	(7/75)
[2022-01-28 23:39:15][i]上传白名单	(8/75)
[2022-01-28 23:39:15][i]上传白名单	(9/75)
[2022-01-28 23:39:15][i]上传白名单	(10/75)
[2022-01-28 23:39:16][i]上传白名单	(11/75)
[2022-01-28 23:39:16][i]上传白名单	(12/75)
[2022-01-28 23:39:17][i]上传白名单	(13/75)
[2022-01-28 23:39:17][i]上传白名单	(14/75)
[2022-01-28 23:39:18][i]上传白名单	(15/75)
[2022-01-28 23:39:18][i]上传白名单	(16/75)
[2022-01-28 23:39:19][i]上传白名单	(17/75)
[2022-01-28 23:39:19][i]上传白名单	(18/75)
[2022-01-28 23:39:24][i]上传白名单	(19/75)
[2022-01-28 23:39:25][i]上传白名单	(20/75)
[2022-01-28 23:39:25][i]上传白名单	(21/75)
[2022-01-28 23:39:26][i]上传白名单	(22/75)
[2022-01-28 23:39:27][i]上传白名单	(23/75)
[2022-01-28 23:39:27][i]上传白名单	(24/75)
[2022-01-28 23:39:28][i]上传白名单	(25/75)
[2022-01-28 23:39:29][i]上传白名单	(26/75)
[2022-01-28 23:39:29][i]上传白名单	(27/75)
[2022-01-28 23:39:29][i]上传白名单	(28/75)
[2022-01-28 23:39:30][i]上传白名单	(29/75)
[2022-01-28 23:39:30][i]上传白名单	(30/75)
[2022-01-28 23:39:31][i]上传白名单	(31/75)
[2022-01-28 23:39:31][i]上传白名单	(32/75)
[2022-01-28 23:39:31][i]上传白名单	(33/75)
[2022-01-28 23:39:32][i]上传白名单	(34/75)
[2022-01-28 23:39:32][i]上传白名单	(35/75)
[2022-01-28 23:39:33][i]上传白名单	(36/75)
[2022-01-28 23:39:33][i]上传白名单	(37/75)
[2022-01-28 23:39:33][i]上传白名单	(38/75)
[2022-01-28 23:39:34][i]上传白名单	(39/75)
[2022-01-28 23:39:34][i]上传白名单	(40/75)
[2022-01-28 23:39:35][i]上传白名单	(41/75)
[2022-01-28 23:39:35][i]上传白名单	(42/75)
[2022-01-28 23:39:36][i]上传白名单	(43/75)
[2022-01-28 23:39:36][i]上传白名单	(44/75)
[2022-01-28 23:39:36][i]上传白名单	(45/75)
[2022-01-28 23:39:37][i]上传白名单	(46/75)
[2022-01-28 23:39:38][i]上传白名单	(47/75)
[2022-01-28 23:39:38][i]上传白名单	(48/75)
[2022-01-28 23:39:39][i]上传白名单	(49/75)
[2022-01-28 23:39:40][i]上传白名单	(50/75)
[2022-01-28 23:39:40][i]上传白名单	(51/75)
[2022-01-28 23:39:40][i]上传白名单	(52/75)
[2022-01-28 23:39:41][i]上传白名单	(53/75)
[2022-01-28 23:39:41][i]上传白名单	(54/75)
[2022-01-28 23:39:41][i]上传白名单	(55/75)
[2022-01-28 23:39:42][i]上传白名单	(56/75)
[2022-01-28 23:39:42][i]上传白名单	(57/75)
[2022-01-28 23:39:42][i]上传白名单	(58/75)
[2022-01-28 23:39:43][i]上传白名单	(59/75)
[2022-01-28 23:39:44][i]上传白名单	(60/75)
[2022-01-28 23:39:44][i]上传白名单	(61/75)
[2022-01-28 23:39:44][i]上传白名单	(62/75)
[2022-01-28 23:39:45][i]上传白名单	(63/75)
[2022-01-28 23:39:45][i]上传白名单	(64/75)
[2022-01-28 23:39:46][i]上传白名单	(65/75)
[2022-01-28 23:39:46][i]上传白名单	(66/75)
[2022-01-28 23:39:46][i]上传白名单	(67/75)
[2022-01-28 23:39:47][i]上传白名单	(68/75)
[2022-01-28 23:39:48][i]上传白名单	(69/75)
[2022-01-28 23:39:48][i]上传白名单	(70/75)
[2022-01-28 23:39:48][i]上传白名单	(71/75)
[2022-01-28 23:39:49][i]上传白名单	(72/75)
[2022-01-28 23:39:49][i]上传白名单	(73/75)
[2022-01-28 23:39:49][i]上传白名单	(74/75)
[2022-01-28 23:39:50][i]上传白名单	(75/75)
[2022-01-28 23:39:50][i]上传黑名单	(1/6)
[2022-01-28 23:39:50][i]上传黑名单	(2/6)
[2022-01-28 23:39:51][i]上传黑名单	(3/6)
[2022-01-28 23:39:51][i]上传黑名单	(4/6)
[2022-01-28 23:39:51][i]上传黑名单	(5/6)
[2022-01-28 23:39:52][i]上传黑名单	(6/6)
